{"meta": {"format": 3, "version": "7.13.5", "timestamp": "2026-04-28T11:28:50.010831", "branch_coverage": false, "show_contexts": false}, "files": {"gha_remediator/__init__.py": {"executed_lines": [1], "summary": {"covered_lines": 1, "num_statements": 1, "percent_covered": 100.0, "percent_covered_display": "100", "missing_lines": 0, "excluded_lines": 0, "percent_statements_covered": 100.0, "percent_statements_covered_display": "100"}, "missing_lines": [], "excluded_lines": [], "functions": {"": {"executed_lines": [1], "summary": {"covered_lines": 1, "num_statements": 1, "percent_covered": 100.0, "percent_covered_display": "100", "missing_lines": 0, "excluded_lines": 0, "percent_statements_covered": 100.0, "percent_statements_covered_display": "100"}, "missing_lines": [], "excluded_lines": [], "start_line": 1}}, "classes": {"": {"executed_lines": [1], "summary": {"covered_lines": 1, "num_statements": 1, "percent_covered": 100.0, "percent_covered_display": "100", "missing_lines": 0, "excluded_lines": 0, "percent_statements_covered": 100.0, "percent_statements_covered_display": "100"}, "missing_lines": [], "excluded_lines": [], "start_line": 1}}}, "gha_remediator/__main__.py": {"executed_lines": [], "summary": {"covered_lines": 0, "num_statements": 3, "percent_covered": 0.0, "percent_covered_display": "0", "missing_lines": 3, "excluded_lines": 0, "percent_statements_covered": 0.0, "percent_statements_covered_display": "0"}, "missing_lines": [1, 3, 4], "excluded_lines": [], "functions": {"": {"executed_lines": [], "summary": {"covered_lines": 0, "num_statements": 3, "percent_covered": 0.0, "percent_covered_display": "0", "missing_lines": 3, "excluded_lines": 0, "percent_statements_covered": 0.0, "percent_statements_covered_display": "0"}, "missing_lines": [1, 3, 4], "excluded_lines": [], "start_line": 1}}, "classes": {"": {"executed_lines": [], "summary": {"covered_lines": 0, "num_statements": 3, "percent_covered": 0.0, "percent_covered_display": "0", "missing_lines": 3, "excluded_lines": 0, "percent_statements_covered": 0.0, "percent_statements_covered_display": "0"}, "missing_lines": [1, 3, 4], "excluded_lines": [], "start_line": 1}}}, "gha_remediator/app_settings.py": {"executed_lines": [1, 3, 4, 5, 6, 7, 10, 13, 14, 15, 16, 19, 20, 21, 22, 23, 26, 27, 28, 31, 32, 36, 39, 45, 46, 47, 48, 49, 52, 53, 54, 55, 56, 57, 58, 59, 60, 61, 63, 64, 65, 66, 67, 68, 69, 70, 73, 74, 75, 77, 78, 81, 82, 83, 84, 85, 86, 87, 89, 92, 93, 94, 95, 96, 97, 99, 100, 101, 103], "summary": {"covered_lines": 69, "num_statements": 75, "percent_covered": 92.0, "percent_covered_display": "92", "missing_lines": 6, "excluded_lines": 0, "percent_statements_covered": 92.0, "percent_statements_covered_display": "92"}, "missing_lines": [29, 33, 34, 37, 62, 79], "excluded_lines": [], "functions": {"settings_path": {"executed_lines": [20, 21, 22, 23], "summary": {"covered_lines": 4, "num_statements": 4, "percent_covered": 100.0, "percent_covered_display": "100", "missing_lines": 0, "excluded_lines": 0, "percent_statements_covered": 100.0, "percent_statements_covered_display": "100"}, "missing_lines": [], "excluded_lines": [], "start_line": 19}, "load_app_settings": {"executed_lines": [27, 28, 31, 32, 36, 39], "summary": {"covered_lines": 6, "num_statements": 10, "percent_covered": 60.0, "percent_covered_display": "60", "missing_lines": 4, "excluded_lines": 0, "percent_statements_covered": 60.0, "percent_statements_covered_display": "60"}, "missing_lines": [29, 33, 34, 37], "excluded_lines": [], "start_line": 26}, "save_app_settings": {"executed_lines": [46, 47, 48, 49], "summary": {"covered_lines": 4, "num_statements": 4, "percent_covered": 100.0, "percent_covered_display": "100", "missing_lines": 0, "excluded_lines": 0, "percent_statements_covered": 100.0, "percent_statements_covered_display": "100"}, "missing_lines": [], "excluded_lines": [], "start_line": 45}, "parse_env_file": {"executed_lines": [53, 54, 55, 56, 57, 58, 59, 60, 61, 63, 64, 65, 66, 67, 68, 69, 70], "summary": {"covered_lines": 17, "num_statements": 18, "percent_covered": 94.44444444444444, "percent_covered_display": "94", "missing_lines": 1, "excluded_lines": 0, "percent_statements_covered": 94.44444444444444, "percent_statements_covered_display": "94"}, "missing_lines": [62], "excluded_lines": [], "start_line": 52}, "resolve_github_token": {"executed_lines": [74, 75, 77, 78, 81, 82, 83, 84, 85, 86, 87, 89], "summary": {"covered_lines": 12, "num_statements": 13, "percent_covered": 92.3076923076923, "percent_covered_display": "92", "missing_lines": 1, "excluded_lines": 0, "percent_statements_covered": 92.3076923076923, "percent_statements_covered_display": "92"}, "missing_lines": [79], "excluded_lines": [], "start_line": 73}, "settings_payload": {"executed_lines": [93, 94, 95, 96, 97, 99, 100, 101, 103], "summary": {"covered_lines": 9, "num_statements": 9, "percent_covered": 100.0, "percent_covered_display": "100", "missing_lines": 0, "excluded_lines": 0, "percent_statements_covered": 100.0, "percent_statements_covered_display": "100"}, "missing_lines": [], "excluded_lines": [], "start_line": 92}, "": {"executed_lines": [1, 3, 4, 5, 6, 7, 10, 13, 14, 15, 16, 19, 26, 45, 52, 73, 92], "summary": {"covered_lines": 17, "num_statements": 17, "percent_covered": 100.0, "percent_covered_display": "100", "missing_lines": 0, "excluded_lines": 0, "percent_statements_covered": 100.0, "percent_statements_covered_display": "100"}, "missing_lines": [], "excluded_lines": [], "start_line": 1}}, "classes": {"AppSettings": {"executed_lines": [], "summary": {"covered_lines": 0, "num_statements": 0, "percent_covered": 100.0, "percent_covered_display": "100", "missing_lines": 0, "excluded_lines": 0, "percent_statements_covered": 100.0, "percent_statements_covered_display": "100"}, "missing_lines": [], "excluded_lines": [], "start_line": 14}, "": {"executed_lines": [1, 3, 4, 5, 6, 7, 10, 13, 14, 15, 16, 19, 20, 21, 22, 23, 26, 27, 28, 31, 32, 36, 39, 45, 46, 47, 48, 49, 52, 53, 54, 55, 56, 57, 58, 59, 60, 61, 63, 64, 65, 66, 67, 68, 69, 70, 73, 74, 75, 77, 78, 81, 82, 83, 84, 85, 86, 87, 89, 92, 93, 94, 95, 96, 97, 99, 100, 101, 103], "summary": {"covered_lines": 69, "num_statements": 75, "percent_covered": 92.0, "percent_covered_display": "92", "missing_lines": 6, "excluded_lines": 0, "percent_statements_covered": 92.0, "percent_statements_covered_display": "92"}, "missing_lines": [29, 33, 34, 37, 62, 79], "excluded_lines": [], "start_line": 1}}}, "gha_remediator/classifier.py": {"executed_lines": [1, 2, 4, 6, 8, 9, 10, 12, 15, 16, 17, 18, 20, 21, 22, 23, 25, 26, 28, 29, 31, 32, 34], "summary": {"covered_lines": 23, "num_statements": 25, "percent_covered": 92.0, "percent_covered_display": "92", "missing_lines": 2, "excluded_lines": 0, "percent_statements_covered": 92.0, "percent_statements_covered_display": "92"}, "missing_lines": [11, 13], "excluded_lines": [], "functions": {"classify_failure": {"executed_lines": [6, 8, 9, 10, 12, 15, 16, 17, 18, 20, 21, 22, 23, 25, 26, 28, 29, 31, 32, 34], "summary": {"covered_lines": 20, "num_statements": 22, "percent_covered": 90.9090909090909, "percent_covered_display": "91", "missing_lines": 2, "excluded_lines": 0, "percent_statements_covered": 90.9090909090909, "percent_statements_covered_display": "91"}, "missing_lines": [11, 13], "excluded_lines": [], "start_line": 4}, "": {"executed_lines": [1, 2, 4], "summary": {"covered_lines": 3, "num_statements": 3, "percent_covered": 100.0, "percent_covered_display": "100", "missing_lines": 0, "excluded_lines": 0, "percent_statements_covered": 100.0, "percent_statements_covered_display": "100"}, "missing_lines": [], "excluded_lines": [], "start_line": 1}}, "classes": {"": {"executed_lines": [1, 2, 4, 6, 8, 9, 10, 12, 15, 16, 17, 18, 20, 21, 22, 23, 25, 26, 28, 29, 31, 32, 34], "summary": {"covered_lines": 23, "num_statements": 25, "percent_covered": 92.0, "percent_covered_display": "92", "missing_lines": 2, "excluded_lines": 0, "percent_statements_covered": 92.0, "percent_statements_covered_display": "92"}, "missing_lines": [11, 13], "excluded_lines": [], "start_line": 1}}}, "gha_remediator/cli.py": {"executed_lines": [1, 3, 5, 6, 7, 8, 9, 12, 13, 14, 15, 16, 17, 18, 21, 22, 23, 24, 27], "summary": {"covered_lines": 19, "num_statements": 20, "percent_covered": 95.0, "percent_covered_display": "95", "missing_lines": 1, "excluded_lines": 0, "percent_statements_covered": 95.0, "percent_statements_covered_display": "95"}, "missing_lines": [28], "excluded_lines": [], "functions": {"build_arg_parser": {"executed_lines": [13, 14, 15, 16, 17, 18], "summary": {"covered_lines": 6, "num_statements": 6, "percent_covered": 100.0, "percent_covered_display": "100", "missing_lines": 0, "excluded_lines": 0, "percent_statements_covered": 100.0, "percent_statements_covered_display": "100"}, "missing_lines": [], "excluded_lines": [], "start_line": 12}, "main": {"executed_lines": [22, 23, 24], "summary": {"covered_lines": 3, "num_statements": 3, "percent_covered": 100.0, "percent_covered_display": "100", "missing_lines": 0, "excluded_lines": 0, "percent_statements_covered": 100.0, "percent_statements_covered_display": "100"}, "missing_lines": [], "excluded_lines": [], "start_line": 21}, "": {"executed_lines": [1, 3, 5, 6, 7, 8, 9, 12, 21, 27], "summary": {"covered_lines": 10, "num_statements": 11, "percent_covered": 90.9090909090909, "percent_covered_display": "91", "missing_lines": 1, "excluded_lines": 0, "percent_statements_covered": 90.9090909090909, "percent_statements_covered_display": "91"}, "missing_lines": [28], "excluded_lines": [], "start_line": 1}}, "classes": {"": {"executed_lines": [1, 3, 5, 6, 7, 8, 9, 12, 13, 14, 15, 16, 17, 18, 21, 22, 23, 24, 27], "summary": {"covered_lines": 19, "num_statements": 20, "percent_covered": 95.0, "percent_covered_display": "95", "missing_lines": 1, "excluded_lines": 0, "percent_statements_covered": 95.0, "percent_statements_covered_display": "95"}, "missing_lines": [28], "excluded_lines": [], "start_line": 1}}}, "gha_remediator/cli_support/__init__.py": {"executed_lines": [], "summary": {"covered_lines": 0, "num_statements": 0, "percent_covered": 100.0, "percent_covered_display": "100", "missing_lines": 0, "excluded_lines": 0, "percent_statements_covered": 100.0, "percent_statements_covered_display": "100"}, "missing_lines": [], "excluded_lines": [], "functions": {"": {"executed_lines": [], "summary": {"covered_lines": 0, "num_statements": 0, "percent_covered": 100.0, "percent_covered_display": "100", "missing_lines": 0, "excluded_lines": 0, "percent_statements_covered": 100.0, "percent_statements_covered_display": "100"}, "missing_lines": [], "excluded_lines": [], "start_line": 1}}, "classes": {"": {"executed_lines": [], "summary": {"covered_lines": 0, "num_statements": 0, "percent_covered": 100.0, "percent_covered_display": "100", "missing_lines": 0, "excluded_lines": 0, "percent_statements_covered": 100.0, "percent_statements_covered_display": "100"}, "missing_lines": [], "excluded_lines": [], "start_line": 1}}}, "gha_remediator/cli_support/dispatch.py": {"executed_lines": [1, 3, 4, 6, 14, 15, 16, 24, 25, 34, 35, 40, 41, 43, 44, 49, 50], "summary": {"covered_lines": 17, "num_statements": 59, "percent_covered": 28.8135593220339, "percent_covered_display": "29", "missing_lines": 42, "excluded_lines": 0, "percent_statements_covered": 28.8135593220339, "percent_statements_covered_display": "29"}, "missing_lines": [26, 31, 32, 52, 59, 60, 61, 73, 74, 75, 76, 78, 79, 90, 91, 92, 93, 94, 95, 96, 98, 99, 100, 101, 102, 103, 104, 125, 153, 154, 155, 156, 157, 158, 159, 160, 161, 162, 163, 165, 166, 174], "excluded_lines": [], "functions": {"dispatch_command": {"executed_lines": [25, 34, 35, 40, 41, 43, 44, 49, 50], "summary": {"covered_lines": 9, "num_statements": 51, "percent_covered": 17.647058823529413, "percent_covered_display": "18", "missing_lines": 42, "excluded_lines": 0, "percent_statements_covered": 17.647058823529413, "percent_statements_covered_display": "18"}, "missing_lines": [26, 31, 32, 52, 59, 60, 61, 73, 74, 75, 76, 78, 79, 90, 91, 92, 93, 94, 95, 96, 98, 99, 100, 101, 102, 103, 104, 125, 153, 154, 155, 156, 157, 158, 159, 160, 161, 162, 163, 165, 166, 174], "excluded_lines": [], "start_line": 24}, "": {"executed_lines": [1, 3, 4, 6, 14, 15, 16, 24], "summary": {"covered_lines": 8, "num_statements": 8, "percent_covered": 100.0, "percent_covered_display": "100", "missing_lines": 0, "excluded_lines": 0, "percent_statements_covered": 100.0, "percent_statements_covered_display": "100"}, "missing_lines": [], "excluded_lines": [], "start_line": 1}}, "classes": {"": {"executed_lines": [1, 3, 4, 6, 14, 15, 16, 24, 25, 34, 35, 40, 41, 43, 44, 49, 50], "summary": {"covered_lines": 17, "num_statements": 59, "percent_covered": 28.8135593220339, "percent_covered_display": "29", "missing_lines": 42, "excluded_lines": 0, "percent_statements_covered": 28.8135593220339, "percent_statements_covered_display": "29"}, "missing_lines": [26, 31, 32, 52, 59, 60, 61, 73, 74, 75, 76, 78, 79, 90, 91, 92, 93, 94, 95, 96, 98, 99, 100, 101, 102, 103, 104, 125, 153, 154, 155, 156, 157, 158, 159, 160, 161, 162, 163, 165, 166, 174], "excluded_lines": [], "start_line": 1}}}, "gha_remediator/cli_support/evaluation_commands.py": {"executed_lines": [1, 3, 6, 7, 8, 9, 10, 11, 12, 16, 17, 18, 19, 20, 21, 23, 27, 28, 29, 30, 31, 32, 33, 34, 35, 36, 37, 38, 42, 43, 44, 45, 46, 47, 48, 49], "summary": {"covered_lines": 36, "num_statements": 36, "percent_covered": 100.0, "percent_covered_display": "100", "missing_lines": 0, "excluded_lines": 0, "percent_statements_covered": 100.0, "percent_statements_covered_display": "100"}, "missing_lines": [], "excluded_lines": [], "functions": {"add_evaluation_command_parsers": {"executed_lines": [7, 8, 9, 10, 11, 12, 16, 17, 18, 19, 20, 21, 23, 27, 28, 29, 30, 31, 32, 33, 34, 35, 36, 37, 38, 42, 43, 44, 45, 46, 47, 48, 49], "summary": {"covered_lines": 33, "num_statements": 33, "percent_covered": 100.0, "percent_covered_display": "100", "missing_lines": 0, "excluded_lines": 0, "percent_statements_covered": 100.0, "percent_statements_covered_display": "100"}, "missing_lines": [], "excluded_lines": [], "start_line": 6}, "": {"executed_lines": [1, 3, 6], "summary": {"covered_lines": 3, "num_statements": 3, "percent_covered": 100.0, "percent_covered_display": "100", "missing_lines": 0, "excluded_lines": 0, "percent_statements_covered": 100.0, "percent_statements_covered_display": "100"}, "missing_lines": [], "excluded_lines": [], "start_line": 1}}, "classes": {"": {"executed_lines": [1, 3, 6, 7, 8, 9, 10, 11, 12, 16, 17, 18, 19, 20, 21, 23, 27, 28, 29, 30, 31, 32, 33, 34, 35, 36, 37, 38, 42, 43, 44, 45, 46, 47, 48, 49], "summary": {"covered_lines": 36, "num_statements": 36, "percent_covered": 100.0, "percent_covered_display": "100", "missing_lines": 0, "excluded_lines": 0, "percent_statements_covered": 100.0, "percent_statements_covered_display": "100"}, "missing_lines": [], "excluded_lines": [], "start_line": 1}}}, "gha_remediator/cli_support/export_commands.py": {"executed_lines": [1, 3, 6, 7, 8, 9, 10, 11], "summary": {"covered_lines": 8, "num_statements": 8, "percent_covered": 100.0, "percent_covered_display": "100", "missing_lines": 0, "excluded_lines": 0, "percent_statements_covered": 100.0, "percent_statements_covered_display": "100"}, "missing_lines": [], "excluded_lines": [], "functions": {"add_export_command_parsers": {"executed_lines": [7, 8, 9, 10, 11], "summary": {"covered_lines": 5, "num_statements": 5, "percent_covered": 100.0, "percent_covered_display": "100", "missing_lines": 0, "excluded_lines": 0, "percent_statements_covered": 100.0, "percent_statements_covered_display": "100"}, "missing_lines": [], "excluded_lines": [], "start_line": 6}, "": {"executed_lines": [1, 3, 6], "summary": {"covered_lines": 3, "num_statements": 3, "percent_covered": 100.0, "percent_covered_display": "100", "missing_lines": 0, "excluded_lines": 0, "percent_statements_covered": 100.0, "percent_statements_covered_display": "100"}, "missing_lines": [], "excluded_lines": [], "start_line": 1}}, "classes": {"": {"executed_lines": [1, 3, 6, 7, 8, 9, 10, 11], "summary": {"covered_lines": 8, "num_statements": 8, "percent_covered": 100.0, "percent_covered_display": "100", "missing_lines": 0, "excluded_lines": 0, "percent_statements_covered": 100.0, "percent_statements_covered_display": "100"}, "missing_lines": [], "excluded_lines": [], "start_line": 1}}}, "gha_remediator/cli_support/payloads.py": {"executed_lines": [1, 3, 4, 6, 7, 8, 9, 12, 13, 14, 15, 27, 28, 29, 33, 36, 37, 38, 39, 40, 53, 54, 55, 56, 57, 58], "summary": {"covered_lines": 26, "num_statements": 33, "percent_covered": 78.78787878787878, "percent_covered_display": "79", "missing_lines": 7, "excluded_lines": 0, "percent_statements_covered": 78.78787878787878, "percent_statements_covered_display": "79"}, "missing_lines": [17, 22, 23, 24, 30, 31, 32], "excluded_lines": [], "functions": {"load_raw_log_text": {"executed_lines": [13, 14, 15], "summary": {"covered_lines": 3, "num_statements": 7, "percent_covered": 42.857142857142854, "percent_covered_display": "43", "missing_lines": 4, "excluded_lines": 0, "percent_statements_covered": 42.857142857142854, "percent_statements_covered_display": "43"}, "missing_lines": [17, 22, 23, 24], "excluded_lines": [], "start_line": 12}, "write_or_print": {"executed_lines": [28, 29, 33], "summary": {"covered_lines": 3, "num_statements": 6, "percent_covered": 50.0, "percent_covered_display": "50", "missing_lines": 3, "excluded_lines": 0, "percent_statements_covered": 50.0, "percent_statements_covered_display": "50"}, "missing_lines": [30, 31, 32], "excluded_lines": [], "start_line": 27}, "inspect_context_payload": {"executed_lines": [37, 38, 39, 40], "summary": {"covered_lines": 4, "num_statements": 4, "percent_covered": 100.0, "percent_covered_display": "100", "missing_lines": 0, "excluded_lines": 0, "percent_statements_covered": 100.0, "percent_statements_covered_display": "100"}, "missing_lines": [], "excluded_lines": [], "start_line": 36}, "debug_plan_input_payload": {"executed_lines": [54, 55, 56, 57, 58], "summary": {"covered_lines": 5, "num_statements": 5, "percent_covered": 100.0, "percent_covered_display": "100", "missing_lines": 0, "excluded_lines": 0, "percent_statements_covered": 100.0, "percent_statements_covered_display": "100"}, "missing_lines": [], "excluded_lines": [], "start_line": 53}, "": {"executed_lines": [1, 3, 4, 6, 7, 8, 9, 12, 27, 36, 53], "summary": {"covered_lines": 11, "num_statements": 11, "percent_covered": 100.0, "percent_covered_display": "100", "missing_lines": 0, "excluded_lines": 0, "percent_statements_covered": 100.0, "percent_statements_covered_display": "100"}, "missing_lines": [], "excluded_lines": [], "start_line": 1}}, "classes": {"": {"executed_lines": [1, 3, 4, 6, 7, 8, 9, 12, 13, 14, 15, 27, 28, 29, 33, 36, 37, 38, 39, 40, 53, 54, 55, 56, 57, 58], "summary": {"covered_lines": 26, "num_statements": 33, "percent_covered": 78.78787878787878, "percent_covered_display": "79", "missing_lines": 7, "excluded_lines": 0, "percent_statements_covered": 78.78787878787878, "percent_statements_covered_display": "79"}, "missing_lines": [17, 22, 23, 24, 30, 31, 32], "excluded_lines": [], "start_line": 1}}}, "gha_remediator/cli_support/runtime_commands.py": {"executed_lines": [1, 3, 6, 7, 8, 9, 10, 11, 12, 13, 17, 18, 19, 20, 21, 22, 24, 25, 26, 27, 29, 30, 31, 32], "summary": {"covered_lines": 24, "num_statements": 24, "percent_covered": 100.0, "percent_covered_display": "100", "missing_lines": 0, "excluded_lines": 0, "percent_statements_covered": 100.0, "percent_statements_covered_display": "100"}, "missing_lines": [], "excluded_lines": [], "functions": {"add_runtime_command_parsers": {"executed_lines": [7, 8, 9, 10, 11, 12, 13, 17, 18, 19, 20, 21, 22, 24, 25, 26, 27, 29, 30, 31, 32], "summary": {"covered_lines": 21, "num_statements": 21, "percent_covered": 100.0, "percent_covered_display": "100", "missing_lines": 0, "excluded_lines": 0, "percent_statements_covered": 100.0, "percent_statements_covered_display": "100"}, "missing_lines": [], "excluded_lines": [], "start_line": 6}, "": {"executed_lines": [1, 3, 6], "summary": {"covered_lines": 3, "num_statements": 3, "percent_covered": 100.0, "percent_covered_display": "100", "missing_lines": 0, "excluded_lines": 0, "percent_statements_covered": 100.0, "percent_statements_covered_display": "100"}, "missing_lines": [], "excluded_lines": [], "start_line": 1}}, "classes": {"": {"executed_lines": [1, 3, 6, 7, 8, 9, 10, 11, 12, 13, 17, 18, 19, 20, 21, 22, 24, 25, 26, 27, 29, 30, 31, 32], "summary": {"covered_lines": 24, "num_statements": 24, "percent_covered": 100.0, "percent_covered_display": "100", "missing_lines": 0, "excluded_lines": 0, "percent_statements_covered": 100.0, "percent_statements_covered_display": "100"}, "missing_lines": [], "excluded_lines": [], "start_line": 1}}}, "gha_remediator/cli_support/shared.py": {"executed_lines": [1, 4, 5, 6, 7, 8, 11, 12, 20, 21], "summary": {"covered_lines": 10, "num_statements": 10, "percent_covered": 100.0, "percent_covered_display": "100", "missing_lines": 0, "excluded_lines": 0, "percent_statements_covered": 100.0, "percent_statements_covered_display": "100"}, "missing_lines": [], "excluded_lines": [], "functions": {"add_model_args": {"executed_lines": [5, 6, 7, 8], "summary": {"covered_lines": 4, "num_statements": 4, "percent_covered": 100.0, "percent_covered_display": "100", "missing_lines": 0, "excluded_lines": 0, "percent_statements_covered": 100.0, "percent_statements_covered_display": "100"}, "missing_lines": [], "excluded_lines": [], "start_line": 4}, "add_verification_profile_arg": {"executed_lines": [12], "summary": {"covered_lines": 1, "num_statements": 1, "percent_covered": 100.0, "percent_covered_display": "100", "missing_lines": 0, "excluded_lines": 0, "percent_statements_covered": 100.0, "percent_statements_covered_display": "100"}, "missing_lines": [], "excluded_lines": [], "start_line": 11}, "add_preprocessing_mode_arg": {"executed_lines": [21], "summary": {"covered_lines": 1, "num_statements": 1, "percent_covered": 100.0, "percent_covered_display": "100", "missing_lines": 0, "excluded_lines": 0, "percent_statements_covered": 100.0, "percent_statements_covered_display": "100"}, "missing_lines": [], "excluded_lines": [], "start_line": 20}, "": {"executed_lines": [1, 4, 11, 20], "summary": {"covered_lines": 4, "num_statements": 4, "percent_covered": 100.0, "percent_covered_display": "100", "missing_lines": 0, "excluded_lines": 0, "percent_statements_covered": 100.0, "percent_statements_covered_display": "100"}, "missing_lines": [], "excluded_lines": [], "start_line": 1}}, "classes": {"": {"executed_lines": [1, 4, 5, 6, 7, 8, 11, 12, 20, 21], "summary": {"covered_lines": 10, "num_statements": 10, "percent_covered": 100.0, "percent_covered_display": "100", "missing_lines": 0, "excluded_lines": 0, "percent_statements_covered": 100.0, "percent_statements_covered_display": "100"}, "missing_lines": [], "excluded_lines": [], "start_line": 1}}}, "gha_remediator/evaluation/benchmark_runner.py": {"executed_lines": [1, 3, 4, 5, 6, 7, 8, 9, 10, 12, 14, 15, 16, 17, 20, 22, 23, 25, 26, 28, 31, 32, 35, 36, 37, 38, 41, 49, 50, 51, 55, 58, 64, 65, 67, 69, 72, 73, 76, 77, 82, 85, 86, 87, 98, 99, 100, 101, 104, 109, 110, 111, 112, 113, 114, 115, 116, 119, 124, 125, 127, 132, 133, 137, 138, 139, 141, 144, 145, 146, 147, 150, 151, 152, 153, 154, 155, 157, 158, 160, 161, 162, 163, 164, 165, 166, 169, 170, 182, 183, 193, 194, 201, 202, 203, 204, 205, 217, 218, 219, 222, 228, 229, 230, 266, 271, 272, 273, 274, 277, 283, 284, 290, 291, 292, 293, 294, 295, 302, 303, 304, 305, 306, 308, 309, 310, 311, 312, 315, 323, 324, 325, 326, 327, 330, 336, 339, 346, 347, 348, 351, 352, 355, 357, 360, 361, 362, 363, 364, 365, 366, 367, 381, 384, 396, 397, 398, 399, 400, 401, 406, 409, 410, 411, 412, 413, 446, 447, 448, 449, 450, 452, 453, 454, 455, 456, 457, 459, 470, 492, 498, 502, 507, 508, 513, 517, 523, 524, 525, 526, 527, 528, 530, 537, 538, 539, 540, 544, 560, 561, 572, 588, 589, 590, 594, 598, 599, 623, 626, 630], "summary": {"covered_lines": 210, "num_statements": 255, "percent_covered": 82.3529411764706, "percent_covered_display": "82", "missing_lines": 45, "excluded_lines": 0, "percent_statements_covered": 82.3529411764706, "percent_statements_covered_display": "82"}, "missing_lines": [24, 27, 66, 70, 74, 78, 134, 140, 156, 159, 195, 267, 307, 328, 331, 332, 333, 334, 349, 353, 358, 422, 423, 424, 425, 426, 427, 428, 429, 430, 431, 432, 434, 435, 436, 437, 438, 439, 440, 441, 442, 443, 579, 580, 624], "excluded_lines": [], "functions": {"_resolve_path": {"executed_lines": [23, 25, 26, 28], "summary": {"covered_lines": 4, "num_statements": 6, "percent_covered": 66.66666666666667, "percent_covered_display": "67", "missing_lines": 2, "excluded_lines": 0, "percent_statements_covered": 66.66666666666667, "percent_statements_covered_display": "67"}, "missing_lines": [24, 27], "excluded_lines": [], "start_line": 22}, "_utc_now": {"executed_lines": [32], "summary": {"covered_lines": 1, "num_statements": 1, "percent_covered": 100.0, "percent_covered_display": "100", "missing_lines": 0, "excluded_lines": 0, "percent_statements_covered": 100.0, "percent_statements_covered_display": "100"}, "missing_lines": [], "excluded_lines": [], "start_line": 31}, "_slugify": {"executed_lines": [36, 37, 38], "summary": {"covered_lines": 3, "num_statements": 3, "percent_covered": 100.0, "percent_covered_display": "100", "missing_lines": 0, "excluded_lines": 0, "percent_statements_covered": 100.0, "percent_statements_covered_display": "100"}, "missing_lines": [], "excluded_lines": [], "start_line": 35}, "default_benchmark_artifact_dir": {"executed_lines": [49, 50, 51, 55], "summary": {"covered_lines": 4, "num_statements": 4, "percent_covered": 100.0, "percent_covered_display": "100", "missing_lines": 0, "excluded_lines": 0, "percent_statements_covered": 100.0, "percent_statements_covered_display": "100"}, "missing_lines": [], "excluded_lines": [], "start_line": 41}, "_slice_cases_for_batch": {"executed_lines": [64, 65, 67, 69, 72, 73, 76, 77, 82], "summary": {"covered_lines": 9, "num_statements": 13, "percent_covered": 69.23076923076923, "percent_covered_display": "69", "missing_lines": 4, "excluded_lines": 0, "percent_statements_covered": 69.23076923076923, "percent_statements_covered_display": "69"}, "missing_lines": [66, 70, 74, 78], "excluded_lines": [], "start_line": 58}, "_enrich_case_result": {"executed_lines": [86, 87, 98, 99, 100, 101], "summary": {"covered_lines": 6, "num_statements": 6, "percent_covered": 100.0, "percent_covered_display": "100", "missing_lines": 0, "excluded_lines": 0, "percent_statements_covered": 100.0, "percent_statements_covered_display": "100"}, "missing_lines": [], "excluded_lines": [], "start_line": 85}, "_ordered_case_results": {"executed_lines": [109, 110, 111, 112, 113, 114, 115, 116], "summary": {"covered_lines": 8, "num_statements": 8, "percent_covered": 100.0, "percent_covered_display": "100", "missing_lines": 0, "excluded_lines": 0, "percent_statements_covered": 100.0, "percent_statements_covered_display": "100"}, "missing_lines": [], "excluded_lines": [], "start_line": 104}, "_resolve_benchmark_mode": {"executed_lines": [124, 125, 127, 132, 133], "summary": {"covered_lines": 5, "num_statements": 6, "percent_covered": 83.33333333333333, "percent_covered_display": "83", "missing_lines": 1, "excluded_lines": 0, "percent_statements_covered": 83.33333333333333, "percent_statements_covered_display": "83"}, "missing_lines": [134], "excluded_lines": [], "start_line": 119}, "load_benchmark_report": {"executed_lines": [138, 139, 141], "summary": {"covered_lines": 3, "num_statements": 4, "percent_covered": 75.0, "percent_covered_display": "75", "missing_lines": 1, "excluded_lines": 0, "percent_statements_covered": 75.0, "percent_statements_covered_display": "75"}, "missing_lines": [140], "excluded_lines": [], "start_line": 137}, "write_benchmark_report": {"executed_lines": [145, 146, 147], "summary": {"covered_lines": 3, "num_statements": 3, "percent_covered": 100.0, "percent_covered_display": "100", "missing_lines": 0, "excluded_lines": 0, "percent_statements_covered": 100.0, "percent_statements_covered_display": "100"}, "missing_lines": [], "excluded_lines": [], "start_line": 144}, "write_predictions_jsonl": {"executed_lines": [151, 152, 153, 154, 155, 157, 158, 160, 161, 162, 163, 164, 165, 166], "summary": {"covered_lines": 14, "num_statements": 16, "percent_covered": 87.5, "percent_covered_display": "88", "missing_lines": 2, "excluded_lines": 0, "percent_statements_covered": 87.5, "percent_statements_covered_display": "88"}, "missing_lines": [156, 159], "excluded_lines": [], "start_line": 150}, "_serialize_rca_report": {"executed_lines": [170], "summary": {"covered_lines": 1, "num_statements": 1, "percent_covered": 100.0, "percent_covered_display": "100", "missing_lines": 0, "excluded_lines": 0, "percent_statements_covered": 100.0, "percent_statements_covered_display": "100"}, "missing_lines": [], "excluded_lines": [], "start_line": 169}, "_serialize_repo_context_summary": {"executed_lines": [183], "summary": {"covered_lines": 1, "num_statements": 1, "percent_covered": 100.0, "percent_covered_display": "100", "missing_lines": 0, "excluded_lines": 0, "percent_statements_covered": 100.0, "percent_statements_covered_display": "100"}, "missing_lines": [], "excluded_lines": [], "start_line": 182}, "_case_result_summary": {"executed_lines": [194, 201, 202, 203, 204, 205], "summary": {"covered_lines": 6, "num_statements": 7, "percent_covered": 85.71428571428571, "percent_covered_display": "86", "missing_lines": 1, "excluded_lines": 0, "percent_statements_covered": 85.71428571428571, "percent_statements_covered_display": "86"}, "missing_lines": [195], "excluded_lines": [], "start_line": 193}, "_write_json": {"executed_lines": [218, 219], "summary": {"covered_lines": 2, "num_statements": 2, "percent_covered": 100.0, "percent_covered_display": "100", "missing_lines": 0, "excluded_lines": 0, "percent_statements_covered": 100.0, "percent_statements_covered_display": "100"}, "missing_lines": [], "excluded_lines": [], "start_line": 217}, "write_case_result_artifact": {"executed_lines": [228, 229, 230, 266, 271, 272, 273, 274], "summary": {"covered_lines": 8, "num_statements": 9, "percent_covered": 88.88888888888889, "percent_covered_display": "89", "missing_lines": 1, "excluded_lines": 0, "percent_statements_covered": 88.88888888888889, "percent_statements_covered_display": "89"}, "missing_lines": [267], "excluded_lines": [], "start_line": 222}, "write_benchmark_artifacts": {"executed_lines": [283, 284, 290, 291, 292, 293, 294, 295], "summary": {"covered_lines": 8, "num_statements": 8, "percent_covered": 100.0, "percent_covered_display": "100", "missing_lines": 0, "excluded_lines": 0, "percent_statements_covered": 100.0, "percent_statements_covered_display": "100"}, "missing_lines": [], "excluded_lines": [], "start_line": 277}, "_load_repo_map": {"executed_lines": [303, 304, 305, 306, 308, 309, 310, 311, 312], "summary": {"covered_lines": 9, "num_statements": 10, "percent_covered": 90.0, "percent_covered_display": "90", "missing_lines": 1, "excluded_lines": 0, "percent_statements_covered": 90.0, "percent_statements_covered_display": "90"}, "missing_lines": [307], "excluded_lines": [], "start_line": 302}, "_resolve_repo_path": {"executed_lines": [323, 324, 325, 326, 327, 330, 336], "summary": {"covered_lines": 7, "num_statements": 12, "percent_covered": 58.333333333333336, "percent_covered_display": "58", "missing_lines": 5, "excluded_lines": 0, "percent_statements_covered": 58.333333333333336, "percent_statements_covered_display": "58"}, "missing_lines": [328, 331, 332, 333, 334], "excluded_lines": [], "start_line": 315}, "load_benchmark_cases": {"executed_lines": [346, 347, 348, 351, 352, 355, 357, 360, 361, 362, 363, 364, 365, 366, 367, 381], "summary": {"covered_lines": 16, "num_statements": 19, "percent_covered": 84.21052631578948, "percent_covered_display": "84", "missing_lines": 3, "excluded_lines": 0, "percent_statements_covered": 84.21052631578948, "percent_statements_covered_display": "84"}, "missing_lines": [349, 353, 358], "excluded_lines": [], "start_line": 339}, "_run_case_with_retries": {"executed_lines": [396, 397, 398, 399, 400, 401, 406, 409, 410, 411, 412, 413], "summary": {"covered_lines": 12, "num_statements": 33, "percent_covered": 36.36363636363637, "percent_covered_display": "36", "missing_lines": 21, "excluded_lines": 0, "percent_statements_covered": 36.36363636363637, "percent_statements_covered_display": "36"}, "missing_lines": [422, 423, 424, 425, 426, 427, 428, 429, 430, 431, 432, 434, 435, 436, 437, 438, 439, 440, 441, 442, 443], "excluded_lines": [], "start_line": 384}, "_build_summary": {"executed_lines": [447, 448, 449, 450, 452, 453, 454, 455, 456, 457, 459], "summary": {"covered_lines": 11, "num_statements": 11, "percent_covered": 100.0, "percent_covered_display": "100", "missing_lines": 0, "excluded_lines": 0, "percent_statements_covered": 100.0, "percent_statements_covered_display": "100"}, "missing_lines": [], "excluded_lines": [], "start_line": 446}, "evaluate_benchmark_split": {"executed_lines": [492, 498, 502, 507, 508, 513, 517, 523, 524, 525, 526, 527, 528, 530, 537, 538, 539, 540, 544, 560, 561, 572, 588, 589, 590, 594, 598, 599, 623, 626, 630], "summary": {"covered_lines": 31, "num_statements": 34, "percent_covered": 91.17647058823529, "percent_covered_display": "91", "missing_lines": 3, "excluded_lines": 0, "percent_statements_covered": 91.17647058823529, "percent_statements_covered_display": "91"}, "missing_lines": [579, 580, 624], "excluded_lines": [], "start_line": 470}, "": {"executed_lines": [1, 3, 4, 5, 6, 7, 8, 9, 10, 12, 14, 15, 16, 17, 20, 22, 31, 35, 41, 58, 85, 104, 119, 137, 144, 150, 169, 182, 193, 217, 222, 277, 302, 315, 339, 384, 446, 470], "summary": {"covered_lines": 38, "num_statements": 38, "percent_covered": 100.0, "percent_covered_display": "100", "missing_lines": 0, "excluded_lines": 0, "percent_statements_covered": 100.0, "percent_statements_covered_display": "100"}, "missing_lines": [], "excluded_lines": [], "start_line": 1}}, "classes": {"": {"executed_lines": [1, 3, 4, 5, 6, 7, 8, 9, 10, 12, 14, 15, 16, 17, 20, 22, 23, 25, 26, 28, 31, 32, 35, 36, 37, 38, 41, 49, 50, 51, 55, 58, 64, 65, 67, 69, 72, 73, 76, 77, 82, 85, 86, 87, 98, 99, 100, 101, 104, 109, 110, 111, 112, 113, 114, 115, 116, 119, 124, 125, 127, 132, 133, 137, 138, 139, 141, 144, 145, 146, 147, 150, 151, 152, 153, 154, 155, 157, 158, 160, 161, 162, 163, 164, 165, 166, 169, 170, 182, 183, 193, 194, 201, 202, 203, 204, 205, 217, 218, 219, 222, 228, 229, 230, 266, 271, 272, 273, 274, 277, 283, 284, 290, 291, 292, 293, 294, 295, 302, 303, 304, 305, 306, 308, 309, 310, 311, 312, 315, 323, 324, 325, 326, 327, 330, 336, 339, 346, 347, 348, 351, 352, 355, 357, 360, 361, 362, 363, 364, 365, 366, 367, 381, 384, 396, 397, 398, 399, 400, 401, 406, 409, 410, 411, 412, 413, 446, 447, 448, 449, 450, 452, 453, 454, 455, 456, 457, 459, 470, 492, 498, 502, 507, 508, 513, 517, 523, 524, 525, 526, 527, 528, 530, 537, 538, 539, 540, 544, 560, 561, 572, 588, 589, 590, 594, 598, 599, 623, 626, 630], "summary": {"covered_lines": 210, "num_statements": 255, "percent_covered": 82.3529411764706, "percent_covered_display": "82", "missing_lines": 45, "excluded_lines": 0, "percent_statements_covered": 82.3529411764706, "percent_statements_covered_display": "82"}, "missing_lines": [24, 27, 66, 70, 74, 78, 134, 140, 156, 159, 195, 267, 307, 328, 331, 332, 333, 334, 349, 353, 358, 422, 423, 424, 425, 426, 427, 428, 429, 430, 431, 432, 434, 435, 436, 437, 438, 439, 440, 441, 442, 443, 579, 580, 624], "excluded_lines": [], "start_line": 1}}}, "gha_remediator/evaluation/lca_audit.py": {"executed_lines": [1, 3, 4, 5, 6, 7, 8, 9, 11, 14, 19, 42, 43, 44, 45, 46, 47, 48, 49, 50, 51, 52, 53, 54, 55, 56, 57, 58, 59, 60, 61, 62, 63, 64, 65, 66, 67, 68, 69, 70, 71, 72, 73, 74, 75, 76, 77, 78, 79, 81, 85, 96, 117, 126, 139, 140, 142, 143, 144, 145, 146, 147, 150, 153, 154, 155, 161, 162, 163, 164, 165, 166, 167, 168, 169, 170, 176, 188, 189, 190, 191, 193, 194, 195, 196, 198, 205, 207, 209, 212, 213, 215, 216, 217, 218, 220, 221, 227, 228, 229, 230, 231, 232, 233, 234, 235, 236, 237, 238, 241, 249, 250, 251, 252, 253, 254, 255, 258, 271, 272, 273, 274, 275, 276, 277, 278, 280, 282, 283, 284, 286, 288, 290, 293, 305, 306, 307, 308, 309, 310, 314, 315, 316, 317, 318, 319, 320, 321, 323, 324, 325, 326, 328, 329, 330, 337, 349, 361, 362, 363, 364, 365, 366, 368, 369, 370, 373, 374, 375, 376, 378, 379, 381, 428, 432, 433, 435, 438, 445, 446, 447, 448, 457, 475, 476, 477, 478, 479, 481, 482, 483, 484, 486, 543, 546, 558], "summary": {"covered_lines": 196, "num_statements": 269, "percent_covered": 72.86245353159852, "percent_covered_display": "73", "missing_lines": 73, "excluded_lines": 2, "percent_statements_covered": 72.86245353159852, "percent_statements_covered_display": "73"}, "missing_lines": [82, 86, 87, 93, 97, 98, 99, 100, 101, 103, 108, 109, 110, 111, 118, 119, 120, 121, 122, 123, 127, 128, 129, 130, 131, 132, 133, 134, 135, 136, 141, 148, 149, 156, 157, 158, 192, 197, 204, 206, 208, 214, 219, 222, 223, 224, 279, 281, 285, 287, 289, 311, 367, 371, 377, 429, 434, 547, 548, 549, 559, 560, 561, 563, 564, 565, 567, 573, 575, 576, 578, 585, 587], "excluded_lines": [88, 89], "functions": {"AuditCase.to_dict": {"executed_lines": [], "summary": {"covered_lines": 0, "num_statements": 1, "percent_covered": 0.0, "percent_covered_display": "0", "missing_lines": 1, "excluded_lines": 0, "percent_statements_covered": 0.0, "percent_statements_covered_display": "0"}, "missing_lines": [82], "excluded_lines": [], "start_line": 81}, "_load_pyarrow_parquet": {"executed_lines": [], "summary": {"covered_lines": 0, "num_statements": 3, "percent_covered": 0.0, "percent_covered_display": "0", "missing_lines": 3, "excluded_lines": 2, "percent_statements_covered": 0.0, "percent_statements_covered_display": "0"}, "missing_lines": [86, 87, 93], "excluded_lines": [88, 89], "start_line": 85}, "resolve_dataset_root": {"executed_lines": [], "summary": {"covered_lines": 0, "num_statements": 10, "percent_covered": 0.0, "percent_covered_display": "0", "missing_lines": 10, "excluded_lines": 0, "percent_statements_covered": 0.0, "percent_statements_covered_display": "0"}, "missing_lines": [97, 98, 99, 100, 101, 103, 108, 109, 110, 111], "excluded_lines": [], "start_line": 96}, "dataset_parquet_path": {"executed_lines": [], "summary": {"covered_lines": 0, "num_statements": 6, "percent_covered": 0.0, "percent_covered_display": "0", "missing_lines": 6, "excluded_lines": 0, "percent_statements_covered": 0.0, "percent_statements_covered_display": "0"}, "missing_lines": [118, 119, 120, 121, 122, 123], "excluded_lines": [], "start_line": 117}, "load_dataset_rows": {"executed_lines": [], "summary": {"covered_lines": 0, "num_statements": 10, "percent_covered": 0.0, "percent_covered_display": "0", "missing_lines": 10, "excluded_lines": 0, "percent_statements_covered": 0.0, "percent_statements_covered_display": "0"}, "missing_lines": [127, 128, 129, 130, 131, 132, 133, 134, 135, 136], "excluded_lines": [], "start_line": 126}, "_normalize_logs": {"executed_lines": [140, 142, 143, 144, 145, 146, 147, 150], "summary": {"covered_lines": 8, "num_statements": 11, "percent_covered": 72.72727272727273, "percent_covered_display": "73", "missing_lines": 3, "excluded_lines": 0, "percent_statements_covered": 72.72727272727273, "percent_statements_covered_display": "73"}, "missing_lines": [141, 148, 149], "excluded_lines": [], "start_line": 139}, "_normalize_changed_files": {"executed_lines": [154, 155], "summary": {"covered_lines": 2, "num_statements": 5, "percent_covered": 40.0, "percent_covered_display": "40", "missing_lines": 3, "excluded_lines": 0, "percent_statements_covered": 40.0, "percent_statements_covered_display": "40"}, "missing_lines": [156, 157, 158], "excluded_lines": [], "start_line": 153}, "_runner_profile": {"executed_lines": [162, 163, 164, 165, 166, 167, 168, 169, 170, 176], "summary": {"covered_lines": 10, "num_statements": 10, "percent_covered": 100.0, "percent_covered_display": "100", "missing_lines": 0, "excluded_lines": 0, "percent_statements_covered": 100.0, "percent_statements_covered_display": "100"}, "missing_lines": [], "excluded_lines": [], "start_line": 161}, "_path_surface": {"executed_lines": [189, 190, 191, 193, 194, 195, 196, 198, 205, 207, 209], "summary": {"covered_lines": 11, "num_statements": 16, "percent_covered": 68.75, "percent_covered_display": "69", "missing_lines": 5, "excluded_lines": 0, "percent_statements_covered": 68.75, "percent_statements_covered_display": "69"}, "missing_lines": [192, 197, 204, 206, 208], "excluded_lines": [], "start_line": 188}, "_summarize_change_surface": {"executed_lines": [213, 215, 216, 217, 218, 220, 221], "summary": {"covered_lines": 7, "num_statements": 12, "percent_covered": 58.333333333333336, "percent_covered_display": "58", "missing_lines": 5, "excluded_lines": 0, "percent_statements_covered": 58.333333333333336, "percent_statements_covered_display": "58"}, "missing_lines": [214, 219, 222, 223, 224], "excluded_lines": [], "start_line": 212}, "_diff_stats": {"executed_lines": [228, 229, 230, 231, 232, 233, 234, 235, 236, 237, 238], "summary": {"covered_lines": 11, "num_statements": 11, "percent_covered": 100.0, "percent_covered_display": "100", "missing_lines": 0, "excluded_lines": 0, "percent_statements_covered": 100.0, "percent_statements_covered_display": "100"}, "missing_lines": [], "excluded_lines": [], "start_line": 227}, "_component_priority_score": {"executed_lines": [249, 250, 251, 252, 253, 254, 255], "summary": {"covered_lines": 7, "num_statements": 7, "percent_covered": 100.0, "percent_covered_display": "100", "missing_lines": 0, "excluded_lines": 0, "percent_statements_covered": 100.0, "percent_statements_covered_display": "100"}, "missing_lines": [], "excluded_lines": [], "start_line": 241}, "_verification_priority_score": {"executed_lines": [271, 272, 273, 274, 275, 276, 277, 278, 280, 282, 283, 284, 286, 288, 290], "summary": {"covered_lines": 15, "num_statements": 20, "percent_covered": 75.0, "percent_covered_display": "75", "missing_lines": 5, "excluded_lines": 0, "percent_statements_covered": 75.0, "percent_statements_covered_display": "75"}, "missing_lines": [279, 281, 285, 287, 289], "excluded_lines": [], "start_line": 258}, "_local_replay_risk": {"executed_lines": [305, 306, 307, 308, 309, 310], "summary": {"covered_lines": 6, "num_statements": 7, "percent_covered": 85.71428571428571, "percent_covered_display": "86", "missing_lines": 1, "excluded_lines": 0, "percent_statements_covered": 85.71428571428571, "percent_statements_covered_display": "86"}, "missing_lines": [311], "excluded_lines": [], "start_line": 293}, "audit_case": {"executed_lines": [315, 316, 317, 318, 319, 320, 321, 323, 324, 325, 326, 328, 329, 330, 337, 349, 361, 362, 363, 364, 365, 366, 368, 369, 370, 373, 374, 375, 376, 378, 379, 381], "summary": {"covered_lines": 32, "num_statements": 35, "percent_covered": 91.42857142857143, "percent_covered_display": "91", "missing_lines": 3, "excluded_lines": 0, "percent_statements_covered": 91.42857142857143, "percent_statements_covered_display": "91"}, "missing_lines": [367, 371, 377], "excluded_lines": [], "start_line": 314}, "audit_cases": {"executed_lines": [], "summary": {"covered_lines": 0, "num_statements": 1, "percent_covered": 0.0, "percent_covered_display": "0", "missing_lines": 1, "excluded_lines": 0, "percent_statements_covered": 0.0, "percent_statements_covered_display": "0"}, "missing_lines": [429], "excluded_lines": [], "start_line": 428}, "_median_int": {"executed_lines": [433, 435], "summary": {"covered_lines": 2, "num_statements": 3, "percent_covered": 66.66666666666667, "percent_covered_display": "67", "missing_lines": 1, "excluded_lines": 0, "percent_statements_covered": 66.66666666666667, "percent_statements_covered_display": "67"}, "missing_lines": [434], "excluded_lines": [], "start_line": 432}, "_top_cases": {"executed_lines": [445, 446, 447, 448, 457], "summary": {"covered_lines": 5, "num_statements": 5, "percent_covered": 100.0, "percent_covered_display": "100", "missing_lines": 0, "excluded_lines": 0, "percent_statements_covered": 100.0, "percent_statements_covered_display": "100"}, "missing_lines": [], "excluded_lines": [], "start_line": 438}, "summarize_audit_cases": {"executed_lines": [476, 477, 478, 479, 481, 482, 483, 484, 486, 543], "summary": {"covered_lines": 10, "num_statements": 10, "percent_covered": 100.0, "percent_covered_display": "100", "missing_lines": 0, "excluded_lines": 0, "percent_statements_covered": 100.0, "percent_statements_covered_display": "100"}, "missing_lines": [], "excluded_lines": [], "start_line": 475}, "audit_dataset": {"executed_lines": [], "summary": {"covered_lines": 0, "num_statements": 3, "percent_covered": 0.0, "percent_covered_display": "0", "missing_lines": 3, "excluded_lines": 0, "percent_statements_covered": 0.0, "percent_statements_covered_display": "0"}, "missing_lines": [547, 548, 549], "excluded_lines": [], "start_line": 546}, "write_audit_outputs": {"executed_lines": [], "summary": {"covered_lines": 0, "num_statements": 13, "percent_covered": 0.0, "percent_covered_display": "0", "missing_lines": 13, "excluded_lines": 0, "percent_statements_covered": 0.0, "percent_statements_covered_display": "0"}, "missing_lines": [559, 560, 561, 563, 564, 565, 567, 573, 575, 576, 578, 585, 587], "excluded_lines": [], "start_line": 558}, "": {"executed_lines": [1, 3, 4, 5, 6, 7, 8, 9, 11, 14, 19, 42, 43, 44, 45, 46, 47, 48, 49, 50, 51, 52, 53, 54, 55, 56, 57, 58, 59, 60, 61, 62, 63, 64, 65, 66, 67, 68, 69, 70, 71, 72, 73, 74, 75, 76, 77, 78, 79, 81, 85, 96, 117, 126, 139, 153, 161, 188, 212, 227, 241, 258, 293, 314, 428, 432, 438, 475, 546, 558], "summary": {"covered_lines": 70, "num_statements": 70, "percent_covered": 100.0, "percent_covered_display": "100", "missing_lines": 0, "excluded_lines": 0, "percent_statements_covered": 100.0, "percent_statements_covered_display": "100"}, "missing_lines": [], "excluded_lines": [], "start_line": 1}}, "classes": {"AuditCase": {"executed_lines": [], "summary": {"covered_lines": 0, "num_statements": 1, "percent_covered": 0.0, "percent_covered_display": "0", "missing_lines": 1, "excluded_lines": 0, "percent_statements_covered": 0.0, "percent_statements_covered_display": "0"}, "missing_lines": [82], "excluded_lines": [], "start_line": 43}, "": {"executed_lines": [1, 3, 4, 5, 6, 7, 8, 9, 11, 14, 19, 42, 43, 44, 45, 46, 47, 48, 49, 50, 51, 52, 53, 54, 55, 56, 57, 58, 59, 60, 61, 62, 63, 64, 65, 66, 67, 68, 69, 70, 71, 72, 73, 74, 75, 76, 77, 78, 79, 81, 85, 96, 117, 126, 139, 140, 142, 143, 144, 145, 146, 147, 150, 153, 154, 155, 161, 162, 163, 164, 165, 166, 167, 168, 169, 170, 176, 188, 189, 190, 191, 193, 194, 195, 196, 198, 205, 207, 209, 212, 213, 215, 216, 217, 218, 220, 221, 227, 228, 229, 230, 231, 232, 233, 234, 235, 236, 237, 238, 241, 249, 250, 251, 252, 253, 254, 255, 258, 271, 272, 273, 274, 275, 276, 277, 278, 280, 282, 283, 284, 286, 288, 290, 293, 305, 306, 307, 308, 309, 310, 314, 315, 316, 317, 318, 319, 320, 321, 323, 324, 325, 326, 328, 329, 330, 337, 349, 361, 362, 363, 364, 365, 366, 368, 369, 370, 373, 374, 375, 376, 378, 379, 381, 428, 432, 433, 435, 438, 445, 446, 447, 448, 457, 475, 476, 477, 478, 479, 481, 482, 483, 484, 486, 543, 546, 558], "summary": {"covered_lines": 196, "num_statements": 268, "percent_covered": 73.13432835820896, "percent_covered_display": "73", "missing_lines": 72, "excluded_lines": 2, "percent_statements_covered": 73.13432835820896, "percent_statements_covered_display": "73"}, "missing_lines": [86, 87, 93, 97, 98, 99, 100, 101, 103, 108, 109, 110, 111, 118, 119, 120, 121, 122, 123, 127, 128, 129, 130, 131, 132, 133, 134, 135, 136, 141, 148, 149, 156, 157, 158, 192, 197, 204, 206, 208, 214, 219, 222, 223, 224, 279, 281, 285, 287, 289, 311, 367, 371, 377, 429, 434, 547, 548, 549, 559, 560, 561, 563, 564, 565, 567, 573, 575, 576, 578, 585, 587], "excluded_lines": [88, 89], "start_line": 1}}}, "gha_remediator/evaluation/real_cases.py": {"executed_lines": [1, 3, 4, 5, 6, 8, 11, 12, 15, 21, 22, 25, 26, 27, 28, 30, 31, 33, 35, 48, 50], "summary": {"covered_lines": 21, "num_statements": 22, "percent_covered": 95.45454545454545, "percent_covered_display": "95", "missing_lines": 1, "excluded_lines": 0, "percent_statements_covered": 95.45454545454545, "percent_statements_covered_display": "95"}, "missing_lines": [23], "excluded_lines": [], "functions": {"_slugify": {"executed_lines": [12], "summary": {"covered_lines": 1, "num_statements": 1, "percent_covered": 100.0, "percent_covered_display": "100", "missing_lines": 0, "excluded_lines": 0, "percent_statements_covered": 100.0, "percent_statements_covered_display": "100"}, "missing_lines": [], "excluded_lines": [], "start_line": 11}, "export_real_case_stub": {"executed_lines": [21, 22, 25, 26, 27, 28, 30, 31, 33, 35, 48, 50], "summary": {"covered_lines": 12, "num_statements": 13, "percent_covered": 92.3076923076923, "percent_covered_display": "92", "missing_lines": 1, "excluded_lines": 0, "percent_statements_covered": 92.3076923076923, "percent_statements_covered_display": "92"}, "missing_lines": [23], "excluded_lines": [], "start_line": 15}, "": {"executed_lines": [1, 3, 4, 5, 6, 8, 11, 15], "summary": {"covered_lines": 8, "num_statements": 8, "percent_covered": 100.0, "percent_covered_display": "100", "missing_lines": 0, "excluded_lines": 0, "percent_statements_covered": 100.0, "percent_statements_covered_display": "100"}, "missing_lines": [], "excluded_lines": [], "start_line": 1}}, "classes": {"": {"executed_lines": [1, 3, 4, 5, 6, 8, 11, 12, 15, 21, 22, 25, 26, 27, 28, 30, 31, 33, 35, 48, 50], "summary": {"covered_lines": 21, "num_statements": 22, "percent_covered": 95.45454545454545, "percent_covered_display": "95", "missing_lines": 1, "excluded_lines": 0, "percent_statements_covered": 95.45454545454545, "percent_statements_covered_display": "95"}, "missing_lines": [23], "excluded_lines": [], "start_line": 1}}}, "gha_remediator/evaluation/runner.py": {"executed_lines": [1, 3, 4, 5, 6, 7, 9, 11, 12, 13, 14, 17, 30, 31, 32, 33, 34, 37, 38, 39, 40, 41, 42, 43, 44, 46, 47, 48, 51, 52, 53, 54, 58, 68, 69, 70, 71, 72, 80, 81, 82, 83, 84, 85, 86, 92, 93, 104, 105, 106, 107, 108, 109, 111, 112, 113, 114, 116, 117, 118, 119, 121, 122, 123, 125, 127, 138, 151, 152, 153, 154, 156, 157, 158, 160, 161, 165, 166, 175, 176, 177, 193, 194, 201, 202, 205, 208], "summary": {"covered_lines": 87, "num_statements": 105, "percent_covered": 82.85714285714286, "percent_covered_display": "83", "missing_lines": 18, "excluded_lines": 0, "percent_statements_covered": 82.85714285714286, "percent_statements_covered_display": "83"}, "missing_lines": [45, 55, 87, 88, 89, 90, 94, 95, 96, 97, 98, 99, 100, 101, 203, 209, 210, 211], "excluded_lines": [], "functions": {"expected_failure_class": {"executed_lines": [31, 32, 33, 34], "summary": {"covered_lines": 4, "num_statements": 4, "percent_covered": 100.0, "percent_covered_display": "100", "missing_lines": 0, "excluded_lines": 0, "percent_statements_covered": 100.0, "percent_statements_covered_display": "100"}, "missing_lines": [], "excluded_lines": [], "start_line": 30}, "evidence_hit_ratio": {"executed_lines": [38, 39, 40, 41, 42, 43, 44, 46, 47, 48], "summary": {"covered_lines": 10, "num_statements": 11, "percent_covered": 90.9090909090909, "percent_covered_display": "91", "missing_lines": 1, "excluded_lines": 0, "percent_statements_covered": 90.9090909090909, "percent_statements_covered_display": "91"}, "missing_lines": [45], "excluded_lines": [], "start_line": 37}, "load_evaluation_report": {"executed_lines": [52, 53, 54], "summary": {"covered_lines": 3, "num_statements": 4, "percent_covered": 75.0, "percent_covered_display": "75", "missing_lines": 1, "excluded_lines": 0, "percent_statements_covered": 75.0, "percent_statements_covered_display": "75"}, "missing_lines": [55], "excluded_lines": [], "start_line": 51}, "_run_case_with_retries": {"executed_lines": [68, 69, 70, 71, 72, 80, 81, 82, 83, 84, 85, 86, 92, 93], "summary": {"covered_lines": 14, "num_statements": 26, "percent_covered": 53.84615384615385, "percent_covered_display": "54", "missing_lines": 12, "excluded_lines": 0, "percent_statements_covered": 53.84615384615385, "percent_statements_covered_display": "54"}, "missing_lines": [87, 88, 89, 90, 94, 95, 96, 97, 98, 99, 100, 101], "excluded_lines": [], "start_line": 58}, "_build_summary": {"executed_lines": [105, 106, 107, 108, 109, 111, 112, 113, 114, 116, 117, 118, 119, 121, 122, 123, 125, 127], "summary": {"covered_lines": 18, "num_statements": 18, "percent_covered": 100.0, "percent_covered_display": "100", "missing_lines": 0, "excluded_lines": 0, "percent_statements_covered": 100.0, "percent_statements_covered_display": "100"}, "missing_lines": [], "excluded_lines": [], "start_line": 104}, "evaluate_synthetic_dataset": {"executed_lines": [151, 152, 153, 154, 156, 157, 158, 160, 161, 165, 166, 175, 176, 177, 193, 194, 201, 202, 205], "summary": {"covered_lines": 19, "num_statements": 20, "percent_covered": 95.0, "percent_covered_display": "95", "missing_lines": 1, "excluded_lines": 0, "percent_statements_covered": 95.0, "percent_statements_covered_display": "95"}, "missing_lines": [203], "excluded_lines": [], "start_line": 138}, "write_evaluation_report": {"executed_lines": [], "summary": {"covered_lines": 0, "num_statements": 3, "percent_covered": 0.0, "percent_covered_display": "0", "missing_lines": 3, "excluded_lines": 0, "percent_statements_covered": 0.0, "percent_statements_covered_display": "0"}, "missing_lines": [209, 210, 211], "excluded_lines": [], "start_line": 208}, "": {"executed_lines": [1, 3, 4, 5, 6, 7, 9, 11, 12, 13, 14, 17, 30, 37, 51, 58, 104, 138, 208], "summary": {"covered_lines": 19, "num_statements": 19, "percent_covered": 100.0, "percent_covered_display": "100", "missing_lines": 0, "excluded_lines": 0, "percent_statements_covered": 100.0, "percent_statements_covered_display": "100"}, "missing_lines": [], "excluded_lines": [], "start_line": 1}}, "classes": {"": {"executed_lines": [1, 3, 4, 5, 6, 7, 9, 11, 12, 13, 14, 17, 30, 31, 32, 33, 34, 37, 38, 39, 40, 41, 42, 43, 44, 46, 47, 48, 51, 52, 53, 54, 58, 68, 69, 70, 71, 72, 80, 81, 82, 83, 84, 85, 86, 92, 93, 104, 105, 106, 107, 108, 109, 111, 112, 113, 114, 116, 117, 118, 119, 121, 122, 123, 125, 127, 138, 151, 152, 153, 154, 156, 157, 158, 160, 161, 165, 166, 175, 176, 177, 193, 194, 201, 202, 205, 208], "summary": {"covered_lines": 87, "num_statements": 105, "percent_covered": 82.85714285714286, "percent_covered_display": "83", "missing_lines": 18, "excluded_lines": 0, "percent_statements_covered": 82.85714285714286, "percent_statements_covered_display": "83"}, "missing_lines": [45, 55, 87, 88, 89, 90, 94, 95, 96, 97, 98, 99, 100, 101, 203, 209, 210, 211], "excluded_lines": [], "start_line": 1}}}, "gha_remediator/ingestion/github_actions.py": {"executed_lines": [1, 3, 4, 5, 6, 7, 9, 11, 14, 15, 16, 17, 18, 21, 37, 43, 49, 61, 62, 63, 64, 65, 66, 67, 70, 85, 90, 95, 118, 131, 132, 134, 135, 138, 139, 141, 142, 144, 145, 146, 148, 149, 150, 151, 152, 153, 154, 159, 160, 161, 162, 164, 165, 184, 190], "summary": {"covered_lines": 55, "num_statements": 105, "percent_covered": 52.38095238095238, "percent_covered_display": "52", "missing_lines": 50, "excluded_lines": 0, "percent_statements_covered": 52.38095238095238, "percent_statements_covered_display": "52"}, "missing_lines": [22, 23, 24, 26, 27, 34, 38, 39, 40, 44, 45, 46, 50, 51, 52, 53, 54, 55, 56, 57, 58, 71, 72, 73, 82, 86, 87, 91, 92, 96, 97, 98, 99, 100, 102, 103, 104, 105, 106, 107, 108, 112, 113, 114, 115, 147, 155, 156, 157, 185], "excluded_lines": [], "functions": {"_parse_repo": {"executed_lines": [15, 16, 17, 18], "summary": {"covered_lines": 4, "num_statements": 4, "percent_covered": 100.0, "percent_covered_display": "100", "missing_lines": 0, "excluded_lines": 0, "percent_statements_covered": 100.0, "percent_statements_covered_display": "100"}, "missing_lines": [], "excluded_lines": [], "start_line": 14}, "_session": {"executed_lines": [], "summary": {"covered_lines": 0, "num_statements": 6, "percent_covered": 0.0, "percent_covered_display": "0", "missing_lines": 6, "excluded_lines": 0, "percent_statements_covered": 0.0, "percent_statements_covered_display": "0"}, "missing_lines": [22, 23, 24, 26, 27, 34], "excluded_lines": [], "start_line": 21}, "_get_json": {"executed_lines": [], "summary": {"covered_lines": 0, "num_statements": 3, "percent_covered": 0.0, "percent_covered_display": "0", "missing_lines": 3, "excluded_lines": 0, "percent_statements_covered": 0.0, "percent_statements_covered_display": "0"}, "missing_lines": [38, 39, 40], "excluded_lines": [], "start_line": 37}, "_get_bytes": {"executed_lines": [], "summary": {"covered_lines": 0, "num_statements": 3, "percent_covered": 0.0, "percent_covered_display": "0", "missing_lines": 3, "excluded_lines": 0, "percent_statements_covered": 0.0, "percent_statements_covered_display": "0"}, "missing_lines": [44, 45, 46], "excluded_lines": [], "start_line": 43}, "_extract_logs": {"executed_lines": [], "summary": {"covered_lines": 0, "num_statements": 9, "percent_covered": 0.0, "percent_covered_display": "0", "missing_lines": 9, "excluded_lines": 0, "percent_statements_covered": 0.0, "percent_statements_covered_display": "0"}, "missing_lines": [50, 51, 52, 53, 54, 55, 56, 57, 58], "excluded_lines": [], "start_line": 49}, "combine_github_log_entries": {"executed_lines": [62, 63, 64, 65, 66, 67], "summary": {"covered_lines": 6, "num_statements": 6, "percent_covered": 100.0, "percent_covered_display": "100", "missing_lines": 0, "excluded_lines": 0, "percent_statements_covered": 100.0, "percent_statements_covered_display": "100"}, "missing_lines": [], "excluded_lines": [], "start_line": 61}, "_failed_runs": {"executed_lines": [], "summary": {"covered_lines": 0, "num_statements": 4, "percent_covered": 0.0, "percent_covered_display": "0", "missing_lines": 4, "excluded_lines": 0, "percent_statements_covered": 0.0, "percent_statements_covered_display": "0"}, "missing_lines": [71, 72, 73, 82], "excluded_lines": [], "start_line": 70}, "_run_by_id": {"executed_lines": [], "summary": {"covered_lines": 0, "num_statements": 2, "percent_covered": 0.0, "percent_covered_display": "0", "missing_lines": 2, "excluded_lines": 0, "percent_statements_covered": 0.0, "percent_statements_covered_display": "0"}, "missing_lines": [86, 87], "excluded_lines": [], "start_line": 85}, "_download_run_logs": {"executed_lines": [], "summary": {"covered_lines": 0, "num_statements": 2, "percent_covered": 0.0, "percent_covered_display": "0", "missing_lines": 2, "excluded_lines": 0, "percent_statements_covered": 0.0, "percent_statements_covered_display": "0"}, "missing_lines": [91, 92], "excluded_lines": [], "start_line": 90}, "_download_artifacts_for_run": {"executed_lines": [], "summary": {"covered_lines": 0, "num_statements": 16, "percent_covered": 0.0, "percent_covered_display": "0", "missing_lines": 16, "excluded_lines": 0, "percent_statements_covered": 0.0, "percent_statements_covered_display": "0"}, "missing_lines": [96, 97, 98, 99, 100, 102, 103, 104, 105, 106, 107, 108, 112, 113, 114, 115], "excluded_lines": [], "start_line": 95}, "load_github_actions_logs": {"executed_lines": [131, 132, 134, 135, 138, 139, 141, 142, 144, 145, 146, 148, 149, 150, 151, 152, 153, 154, 159, 160, 161, 162, 164, 165, 184, 190], "summary": {"covered_lines": 26, "num_statements": 31, "percent_covered": 83.87096774193549, "percent_covered_display": "84", "missing_lines": 5, "excluded_lines": 0, "percent_statements_covered": 83.87096774193549, "percent_statements_covered_display": "84"}, "missing_lines": [147, 155, 156, 157, 185], "excluded_lines": [], "start_line": 118}, "": {"executed_lines": [1, 3, 4, 5, 6, 7, 9, 11, 14, 21, 37, 43, 49, 61, 70, 85, 90, 95, 118], "summary": {"covered_lines": 19, "num_statements": 19, "percent_covered": 100.0, "percent_covered_display": "100", "missing_lines": 0, "excluded_lines": 0, "percent_statements_covered": 100.0, "percent_statements_covered_display": "100"}, "missing_lines": [], "excluded_lines": [], "start_line": 1}}, "classes": {"": {"executed_lines": [1, 3, 4, 5, 6, 7, 9, 11, 14, 15, 16, 17, 18, 21, 37, 43, 49, 61, 62, 63, 64, 65, 66, 67, 70, 85, 90, 95, 118, 131, 132, 134, 135, 138, 139, 141, 142, 144, 145, 146, 148, 149, 150, 151, 152, 153, 154, 159, 160, 161, 162, 164, 165, 184, 190], "summary": {"covered_lines": 55, "num_statements": 105, "percent_covered": 52.38095238095238, "percent_covered_display": "52", "missing_lines": 50, "excluded_lines": 0, "percent_statements_covered": 52.38095238095238, "percent_statements_covered_display": "52"}, "missing_lines": [22, 23, 24, 26, 27, 34, 38, 39, 40, 44, 45, 46, 50, 51, 52, 53, 54, 55, 56, 57, 58, 71, 72, 73, 82, 86, 87, 91, 92, 96, 97, 98, 99, 100, 102, 103, 104, 105, 106, 107, 108, 112, 113, 114, 115, 147, 155, 156, 157, 185], "excluded_lines": [], "start_line": 1}}}, "gha_remediator/ingestion/synthetic_loader.py": {"executed_lines": [1, 2, 3, 6, 21], "summary": {"covered_lines": 5, "num_statements": 23, "percent_covered": 21.73913043478261, "percent_covered_display": "22", "missing_lines": 18, "excluded_lines": 0, "percent_statements_covered": 21.73913043478261, "percent_statements_covered_display": "22"}, "missing_lines": [11, 12, 13, 15, 16, 17, 18, 33, 34, 36, 37, 38, 40, 41, 47, 48, 50, 52], "excluded_lines": [], "functions": {"_load_ground_truth": {"executed_lines": [], "summary": {"covered_lines": 0, "num_statements": 7, "percent_covered": 0.0, "percent_covered_display": "0", "missing_lines": 7, "excluded_lines": 0, "percent_statements_covered": 0.0, "percent_statements_covered_display": "0"}, "missing_lines": [11, 12, 13, 15, 16, 17, 18], "excluded_lines": [], "start_line": 6}, "load_failure_logs": {"executed_lines": [], "summary": {"covered_lines": 0, "num_statements": 11, "percent_covered": 0.0, "percent_covered_display": "0", "missing_lines": 11, "excluded_lines": 0, "percent_statements_covered": 0.0, "percent_statements_covered_display": "0"}, "missing_lines": [33, 34, 36, 37, 38, 40, 41, 47, 48, 50, 52], "excluded_lines": [], "start_line": 21}, "": {"executed_lines": [1, 2, 3, 6, 21], "summary": {"covered_lines": 5, "num_statements": 5, "percent_covered": 100.0, "percent_covered_display": "100", "missing_lines": 0, "excluded_lines": 0, "percent_statements_covered": 100.0, "percent_statements_covered_display": "100"}, "missing_lines": [], "excluded_lines": [], "start_line": 1}}, "classes": {"": {"executed_lines": [1, 2, 3, 6, 21], "summary": {"covered_lines": 5, "num_statements": 23, "percent_covered": 21.73913043478261, "percent_covered_display": "22", "missing_lines": 18, "excluded_lines": 0, "percent_statements_covered": 21.73913043478261, "percent_statements_covered_display": "22"}, "missing_lines": [11, 12, 13, 15, 16, 17, 18, 33, 34, 36, 37, 38, 40, 41, 47, 48, 50, 52], "excluded_lines": [], "start_line": 1}}}, "gha_remediator/llm/__init__.py": {"executed_lines": [1], "summary": {"covered_lines": 1, "num_statements": 1, "percent_covered": 100.0, "percent_covered_display": "100", "missing_lines": 0, "excluded_lines": 0, "percent_statements_covered": 100.0, "percent_statements_covered_display": "100"}, "missing_lines": [], "excluded_lines": [], "functions": {"": {"executed_lines": [1], "summary": {"covered_lines": 1, "num_statements": 1, "percent_covered": 100.0, "percent_covered_display": "100", "missing_lines": 0, "excluded_lines": 0, "percent_statements_covered": 100.0, "percent_statements_covered_display": "100"}, "missing_lines": [], "excluded_lines": [], "start_line": 1}}, "classes": {"": {"executed_lines": [1], "summary": {"covered_lines": 1, "num_statements": 1, "percent_covered": 100.0, "percent_covered_display": "100", "missing_lines": 0, "excluded_lines": 0, "percent_statements_covered": 100.0, "percent_statements_covered_display": "100"}, "missing_lines": [], "excluded_lines": [], "start_line": 1}}}, "gha_remediator/llm/base.py": {"executed_lines": [1, 3, 4, 6, 7, 8, 9, 10, 11, 13, 18, 19, 20, 21, 22], "summary": {"covered_lines": 15, "num_statements": 15, "percent_covered": 100.0, "percent_covered_display": "100", "missing_lines": 0, "excluded_lines": 4, "percent_statements_covered": 100.0, "percent_statements_covered_display": "100"}, "missing_lines": [], "excluded_lines": [14, 15, 16, 17], "functions": {"LLMClient.generate_json": {"executed_lines": [], "summary": {"covered_lines": 0, "num_statements": 0, "percent_covered": 100.0, "percent_covered_display": "100", "missing_lines": 0, "excluded_lines": 1, "percent_statements_covered": 100.0, "percent_statements_covered_display": "100"}, "missing_lines": [], "excluded_lines": [15], "start_line": 14}, "last_response_metadata": {"executed_lines": [19, 20, 21, 22], "summary": {"covered_lines": 4, "num_statements": 4, "percent_covered": 100.0, "percent_covered_display": "100", "missing_lines": 0, "excluded_lines": 0, "percent_statements_covered": 100.0, "percent_statements_covered_display": "100"}, "missing_lines": [], "excluded_lines": [], "start_line": 18}, "": {"executed_lines": [1, 3, 4, 6, 7, 8, 9, 10, 11, 13, 18], "summary": {"covered_lines": 11, "num_statements": 11, "percent_covered": 100.0, "percent_covered_display": "100", "missing_lines": 0, "excluded_lines": 3, "percent_statements_covered": 100.0, "percent_statements_covered_display": "100"}, "missing_lines": [], "excluded_lines": [14, 16, 17], "start_line": 1}}, "classes": {"LLMConfig": {"executed_lines": [], "summary": {"covered_lines": 0, "num_statements": 0, "percent_covered": 100.0, "percent_covered_display": "100", "missing_lines": 0, "excluded_lines": 0, "percent_statements_covered": 100.0, "percent_statements_covered_display": "100"}, "missing_lines": [], "excluded_lines": [], "start_line": 7}, "LLMClient": {"executed_lines": [], "summary": {"covered_lines": 0, "num_statements": 0, "percent_covered": 100.0, "percent_covered_display": "100", "missing_lines": 0, "excluded_lines": 1, "percent_statements_covered": 100.0, "percent_statements_covered_display": "100"}, "missing_lines": [], "excluded_lines": [15], "start_line": 13}, "": {"executed_lines": [1, 3, 4, 6, 7, 8, 9, 10, 11, 13, 18, 19, 20, 21, 22], "summary": {"covered_lines": 15, "num_statements": 15, "percent_covered": 100.0, "percent_covered_display": "100", "missing_lines": 0, "excluded_lines": 3, "percent_statements_covered": 100.0, "percent_statements_covered_display": "100"}, "missing_lines": [], "excluded_lines": [14, 16, 17], "start_line": 1}}}, "gha_remediator/llm/github_models_client.py": {"executed_lines": [1, 2, 3, 4, 5, 7, 9, 12, 13, 14, 15, 18, 19, 20, 22, 23, 24, 26, 27, 28, 29, 30, 31, 32, 33, 34, 35, 40, 43, 44, 45, 46, 50, 51, 52, 53, 55, 56, 57, 58, 59, 61, 62, 63, 65, 66, 67, 68, 69, 75, 76, 78, 79, 86, 90, 92, 93, 94, 95, 101, 106, 107, 108, 109, 111, 115, 119, 124, 125, 127, 128, 130, 131, 132, 133, 134, 139, 144, 145, 146, 148], "summary": {"covered_lines": 81, "num_statements": 91, "percent_covered": 89.01098901098901, "percent_covered_display": "89", "missing_lines": 10, "excluded_lines": 0, "percent_statements_covered": 89.01098901098901, "percent_statements_covered_display": "89"}, "missing_lines": [16, 36, 37, 38, 39, 41, 47, 70, 71, 73], "excluded_lines": [], "functions": {"GitHubModelsClient.__init__": {"executed_lines": [14, 15, 18, 19, 20], "summary": {"covered_lines": 5, "num_statements": 6, "percent_covered": 83.33333333333333, "percent_covered_display": "83", "missing_lines": 1, "excluded_lines": 0, "percent_statements_covered": 83.33333333333333, "percent_statements_covered_display": "83"}, "missing_lines": [16], "excluded_lines": [], "start_line": 13}, "GitHubModelsClient._use_modern_endpoint": {"executed_lines": [24], "summary": {"covered_lines": 1, "num_statements": 1, "percent_covered": 100.0, "percent_covered_display": "100", "missing_lines": 0, "excluded_lines": 0, "percent_statements_covered": 100.0, "percent_statements_covered_display": "100"}, "missing_lines": [], "excluded_lines": [], "start_line": 23}, "GitHubModelsClient._coerce_content_to_text": {"executed_lines": [28, 29, 30, 31, 32, 33, 34, 35, 40], "summary": {"covered_lines": 9, "num_statements": 14, "percent_covered": 64.28571428571429, "percent_covered_display": "64", "missing_lines": 5, "excluded_lines": 0, "percent_statements_covered": 64.28571428571429, "percent_statements_covered_display": "64"}, "missing_lines": [36, 37, 38, 39, 41], "excluded_lines": [], "start_line": 27}, "GitHubModelsClient._extract_json_text": {"executed_lines": [45, 46, 50, 51, 52, 53, 55, 56, 57, 58, 59, 61, 62, 63, 65, 66, 67, 68, 69], "summary": {"covered_lines": 19, "num_statements": 23, "percent_covered": 82.6086956521739, "percent_covered_display": "83", "missing_lines": 4, "excluded_lines": 0, "percent_statements_covered": 82.6086956521739, "percent_statements_covered_display": "83"}, "missing_lines": [47, 70, 71, 73], "excluded_lines": [], "start_line": 44}, "GitHubModelsClient.generate_json": {"executed_lines": [76, 78, 79, 86, 90, 92, 93, 94, 95, 101, 106, 107, 108, 109, 111, 115, 119, 124, 125, 127, 128, 130, 131, 132, 133, 134, 139, 144, 145, 146, 148], "summary": {"covered_lines": 31, "num_statements": 31, "percent_covered": 100.0, "percent_covered_display": "100", "missing_lines": 0, "excluded_lines": 0, "percent_statements_covered": 100.0, "percent_statements_covered_display": "100"}, "missing_lines": [], "excluded_lines": [], "start_line": 75}, "": {"executed_lines": [1, 2, 3, 4, 5, 7, 9, 12, 13, 22, 23, 26, 27, 43, 44, 75], "summary": {"covered_lines": 16, "num_statements": 16, "percent_covered": 100.0, "percent_covered_display": "100", "missing_lines": 0, "excluded_lines": 0, "percent_statements_covered": 100.0, "percent_statements_covered_display": "100"}, "missing_lines": [], "excluded_lines": [], "start_line": 1}}, "classes": {"GitHubModelsClient": {"executed_lines": [14, 15, 18, 19, 20, 24, 28, 29, 30, 31, 32, 33, 34, 35, 40, 45, 46, 50, 51, 52, 53, 55, 56, 57, 58, 59, 61, 62, 63, 65, 66, 67, 68, 69, 76, 78, 79, 86, 90, 92, 93, 94, 95, 101, 106, 107, 108, 109, 111, 115, 119, 124, 125, 127, 128, 130, 131, 132, 133, 134, 139, 144, 145, 146, 148], "summary": {"covered_lines": 65, "num_statements": 75, "percent_covered": 86.66666666666667, "percent_covered_display": "87", "missing_lines": 10, "excluded_lines": 0, "percent_statements_covered": 86.66666666666667, "percent_statements_covered_display": "87"}, "missing_lines": [16, 36, 37, 38, 39, 41, 47, 70, 71, 73], "excluded_lines": [], "start_line": 12}, "": {"executed_lines": [1, 2, 3, 4, 5, 7, 9, 12, 13, 22, 23, 26, 27, 43, 44, 75], "summary": {"covered_lines": 16, "num_statements": 16, "percent_covered": 100.0, "percent_covered_display": "100", "missing_lines": 0, "excluded_lines": 0, "percent_statements_covered": 100.0, "percent_statements_covered_display": "100"}, "missing_lines": [], "excluded_lines": [], "start_line": 1}}}, "gha_remediator/logs.py": {"executed_lines": [1, 3, 4, 5, 7, 9, 10, 12, 16, 17, 18, 19, 20, 24, 25, 26, 27, 28, 29, 30, 31, 33, 34, 35, 36, 37, 38, 40, 41, 43, 44], "summary": {"covered_lines": 31, "num_statements": 34, "percent_covered": 91.17647058823529, "percent_covered_display": "91", "missing_lines": 3, "excluded_lines": 0, "percent_statements_covered": 91.17647058823529, "percent_statements_covered_display": "91"}, "missing_lines": [13, 14, 39], "excluded_lines": [], "functions": {"strip_ansi": {"executed_lines": [10], "summary": {"covered_lines": 1, "num_statements": 1, "percent_covered": 100.0, "percent_covered_display": "100", "missing_lines": 0, "excluded_lines": 0, "percent_statements_covered": 100.0, "percent_statements_covered_display": "100"}, "missing_lines": [], "excluded_lines": [], "start_line": 9}, "read_log_text": {"executed_lines": [], "summary": {"covered_lines": 0, "num_statements": 2, "percent_covered": 0.0, "percent_covered_display": "0", "missing_lines": 2, "excluded_lines": 0, "percent_statements_covered": 0.0, "percent_statements_covered_display": "0"}, "missing_lines": [13, 14], "excluded_lines": [], "start_line": 12}, "to_lines": {"executed_lines": [17, 18, 19, 20], "summary": {"covered_lines": 4, "num_statements": 4, "percent_covered": 100.0, "percent_covered_display": "100", "missing_lines": 0, "excluded_lines": 0, "percent_statements_covered": 100.0, "percent_statements_covered_display": "100"}, "missing_lines": [], "excluded_lines": [], "start_line": 16}, "normalize_for_template": {"executed_lines": [25, 26, 27, 28, 29, 30, 31], "summary": {"covered_lines": 7, "num_statements": 7, "percent_covered": 100.0, "percent_covered_display": "100", "missing_lines": 0, "excluded_lines": 0, "percent_statements_covered": 100.0, "percent_statements_covered_display": "100"}, "missing_lines": [], "excluded_lines": [], "start_line": 24}, "build_success_templates": {"executed_lines": [34, 35, 36, 37, 38, 40, 41], "summary": {"covered_lines": 7, "num_statements": 8, "percent_covered": 87.5, "percent_covered_display": "88", "missing_lines": 1, "excluded_lines": 0, "percent_statements_covered": 87.5, "percent_statements_covered_display": "88"}, "missing_lines": [39], "excluded_lines": [], "start_line": 33}, "line_matches_success_template": {"executed_lines": [44], "summary": {"covered_lines": 1, "num_statements": 1, "percent_covered": 100.0, "percent_covered_display": "100", "missing_lines": 0, "excluded_lines": 0, "percent_statements_covered": 100.0, "percent_statements_covered_display": "100"}, "missing_lines": [], "excluded_lines": [], "start_line": 43}, "": {"executed_lines": [1, 3, 4, 5, 7, 9, 12, 16, 24, 33, 43], "summary": {"covered_lines": 11, "num_statements": 11, "percent_covered": 100.0, "percent_covered_display": "100", "missing_lines": 0, "excluded_lines": 0, "percent_statements_covered": 100.0, "percent_statements_covered_display": "100"}, "missing_lines": [], "excluded_lines": [], "start_line": 1}}, "classes": {"": {"executed_lines": [1, 3, 4, 5, 7, 9, 10, 12, 16, 17, 18, 19, 20, 24, 25, 26, 27, 28, 29, 30, 31, 33, 34, 35, 36, 37, 38, 40, 41, 43, 44], "summary": {"covered_lines": 31, "num_statements": 34, "percent_covered": 91.17647058823529, "percent_covered_display": "91", "missing_lines": 3, "excluded_lines": 0, "percent_statements_covered": 91.17647058823529, "percent_statements_covered_display": "91"}, "missing_lines": [13, 14, 39], "excluded_lines": [], "start_line": 1}}}, "gha_remediator/pipeline.py": {"executed_lines": [1, 3, 4, 5, 7, 8, 9, 10, 11, 12, 13, 14, 15, 16, 17, 18, 20, 21, 24, 25, 27, 28, 29, 31, 34, 35, 36, 37, 41, 42, 45, 46, 47, 48, 49, 51, 52, 60, 61, 62, 64, 65, 66, 68, 69, 70, 71, 72, 74, 75, 76, 77, 78, 79, 80, 81, 88, 90, 91, 92, 93, 97, 99, 100, 101, 102, 103, 107, 108, 109, 110, 114, 118, 119, 120, 122, 123, 124, 125, 129, 131, 132, 133, 154, 155, 178, 179, 181, 190, 191, 196, 197, 198, 199, 208], "summary": {"covered_lines": 95, "num_statements": 103, "percent_covered": 92.23300970873787, "percent_covered_display": "92", "missing_lines": 8, "excluded_lines": 0, "percent_statements_covered": 92.23300970873787, "percent_statements_covered_display": "92"}, "missing_lines": [26, 30, 89, 115, 116, 121, 156, 180], "excluded_lines": [], "functions": {"_plan_has_substantive_output": {"executed_lines": [21], "summary": {"covered_lines": 1, "num_statements": 1, "percent_covered": 100.0, "percent_covered_display": "100", "missing_lines": 0, "excluded_lines": 0, "percent_statements_covered": 100.0, "percent_statements_covered_display": "100"}, "missing_lines": [], "excluded_lines": [], "start_line": 20}, "_repo_context_is_usable": {"executed_lines": [25, 27, 28, 29, 31], "summary": {"covered_lines": 5, "num_statements": 7, "percent_covered": 71.42857142857143, "percent_covered_display": "71", "missing_lines": 2, "excluded_lines": 0, "percent_statements_covered": 71.42857142857143, "percent_statements_covered_display": "71"}, "missing_lines": [26, 30], "excluded_lines": [], "start_line": 24}, "_suppress_ungrounded_patches": {"executed_lines": [35, 36, 37, 41, 42], "summary": {"covered_lines": 5, "num_statements": 5, "percent_covered": 100.0, "percent_covered_display": "100", "missing_lines": 0, "excluded_lines": 0, "percent_statements_covered": 100.0, "percent_statements_covered_display": "100"}, "missing_lines": [], "excluded_lines": [], "start_line": 34}, "GHARemediator.__init__": {"executed_lines": [47, 48, 49], "summary": {"covered_lines": 3, "num_statements": 3, "percent_covered": 100.0, "percent_covered_display": "100", "missing_lines": 0, "excluded_lines": 0, "percent_statements_covered": 100.0, "percent_statements_covered_display": "100"}, "missing_lines": [], "excluded_lines": [], "start_line": 46}, "GHARemediator.analyze": {"executed_lines": [52], "summary": {"covered_lines": 1, "num_statements": 1, "percent_covered": 100.0, "percent_covered_display": "100", "missing_lines": 0, "excluded_lines": 0, "percent_statements_covered": 100.0, "percent_statements_covered_display": "100"}, "missing_lines": [], "excluded_lines": [], "start_line": 51}, "GHARemediator.retrieve_knowledge": {"executed_lines": [61, 62], "summary": {"covered_lines": 2, "num_statements": 2, "percent_covered": 100.0, "percent_covered_display": "100", "missing_lines": 0, "excluded_lines": 0, "percent_statements_covered": 100.0, "percent_statements_covered_display": "100"}, "missing_lines": [], "excluded_lines": [], "start_line": 60}, "GHARemediator.propose_fix": {"executed_lines": [65, 66, 68, 74, 99, 100, 101, 102, 103, 107, 108, 109, 110, 114, 118, 119, 120, 122, 123, 124, 125, 129], "summary": {"covered_lines": 22, "num_statements": 25, "percent_covered": 88.0, "percent_covered_display": "88", "missing_lines": 3, "excluded_lines": 0, "percent_statements_covered": 88.0, "percent_statements_covered_display": "88"}, "missing_lines": [115, 116, 121], "excluded_lines": [], "start_line": 64}, "GHARemediator.propose_fix._finalize_plan": {"executed_lines": [69, 70, 71, 72], "summary": {"covered_lines": 4, "num_statements": 4, "percent_covered": 100.0, "percent_covered_display": "100", "missing_lines": 0, "excluded_lines": 0, "percent_statements_covered": 100.0, "percent_statements_covered_display": "100"}, "missing_lines": [], "excluded_lines": [], "start_line": 68}, "GHARemediator.propose_fix._build_template_fallback": {"executed_lines": [75, 76, 77, 78, 79, 80, 81, 88, 90, 91, 92, 93, 97], "summary": {"covered_lines": 13, "num_statements": 14, "percent_covered": 92.85714285714286, "percent_covered_display": "93", "missing_lines": 1, "excluded_lines": 0, "percent_statements_covered": 92.85714285714286, "percent_statements_covered_display": "93"}, "missing_lines": [89], "excluded_lines": [], "start_line": 74}, "GHARemediator.verify": {"executed_lines": [132, 133, 154, 155, 178, 179, 181], "summary": {"covered_lines": 7, "num_statements": 9, "percent_covered": 77.77777777777777, "percent_covered_display": "78", "missing_lines": 2, "excluded_lines": 0, "percent_statements_covered": 77.77777777777777, "percent_statements_covered_display": "78"}, "missing_lines": [156, 180], "excluded_lines": [], "start_line": 131}, "GHARemediator.run": {"executed_lines": [191, 196, 197, 198, 199, 208], "summary": {"covered_lines": 6, "num_statements": 6, "percent_covered": 100.0, "percent_covered_display": "100", "missing_lines": 0, "excluded_lines": 0, "percent_statements_covered": 100.0, "percent_statements_covered_display": "100"}, "missing_lines": [], "excluded_lines": [], "start_line": 
[...]
, 352, 353, 362, 372, 378, 385, 402, 404, 405, 422, 423, 428, 446, 447, 448, 449, 450, 451, 452, 458, 459, 463, 519, 581, 582, 583, 584, 585, 586, 591, 599, 622, 623, 628, 646, 648, 649, 659, 660, 665, 666, 676, 701, 702, 703, 712, 713, 730, 731], "summary": {"covered_lines": 85, "num_statements": 122, "percent_covered": 69.67213114754098, "percent_covered_display": "70", "missing_lines": 37, "excluded_lines": 0, "percent_statements_covered": 69.67213114754098, "percent_statements_covered_display": "70"}, "missing_lines": [146, 147, 148, 170, 178, 194, 202, 214, 222, 324, 332, 453, 454, 455, 464, 465, 473, 474, 479, 496, 497, 502, 520, 521, 526, 534, 535, 540, 557, 558, 563, 600, 605, 677, 682, 690, 748], "excluded_lines": [], "start_line": 122}, "": {"executed_lines": [1, 3, 4, 6, 7, 8, 9, 10, 16, 17, 18, 19, 20, 27, 38, 41, 50, 63, 78, 93, 101, 110, 116, 122], "summary": {"covered_lines": 24, "num_statements": 24, "percent_covered": 100.0, "percent_covered_display": "100", "missing_lines": 0, "excluded_lines": 0, "percent_statements_covered": 100.0, "percent_statements_covered_display": "100"}, "missing_lines": [], "excluded_lines": [], "start_line": 1}}, "classes": {"": {"executed_lines": [1, 3, 4, 6, 7, 8, 9, 10, 16, 17, 18, 19, 20, 27, 38, 41, 42, 50, 51, 52, 53, 54, 55, 56, 57, 58, 59, 60, 63, 64, 69, 70, 71, 72, 73, 74, 75, 78, 79, 93, 94, 95, 96, 97, 98, 101, 102, 110, 111, 112, 113, 116, 117, 118, 119, 122, 123, 124, 126, 127, 135, 144, 145, 157, 166, 168, 169, 187, 188, 193, 211, 212, 213, 231, 245, 246, 254, 263, 269, 270, 278, 287, 297, 298, 299, 300, 301, 310, 320, 321, 322, 323, 352, 353, 362, 372, 378, 385, 402, 404, 405, 422, 423, 428, 446, 447, 448, 449, 450, 451, 452, 458, 459, 463, 519, 581, 582, 583, 584, 585, 586, 591, 599, 622, 623, 628, 646, 648, 649, 659, 660, 665, 666, 676, 701, 702, 703, 712, 713, 730, 731], "summary": {"covered_lines": 141, "num_statements": 178, "percent_covered": 79.21348314606742, "percent_covered_display": "79", "missing_lines": 37, "excluded_lines": 0, "percent_statements_covered": 79.21348314606742, "percent_statements_covered_display": "79"}, "missing_lines": [146, 147, 148, 170, 178, 194, 202, 214, 222, 324, 332, 453, 454, 455, 464, 465, 473, 474, 479, 496, 497, 502, 520, 521, 526, 534, 535, 540, 557, 558, 563, 600, 605, 677, 682, 690, 748], "excluded_lines": [], "start_line": 1}}}, "gha_remediator/verification/workspace.py": {"executed_lines": [1, 3, 4, 5, 6, 7, 8, 10, 13, 14, 15, 16, 17, 18, 21, 22, 23, 24, 25, 27, 28, 29, 31, 32, 33, 34, 35, 36, 38, 39, 41, 42, 44, 45, 48, 49, 52, 53, 54, 55, 56, 59, 60, 61, 62, 65, 66, 67, 71, 72, 79, 80, 81, 82, 83, 85, 86, 87, 89, 90, 93, 94, 95, 96, 97, 98, 100, 101, 102, 103, 104, 105, 106, 107, 108, 109, 116, 117, 118, 119, 120, 122, 123, 124, 125, 126, 127, 128, 129, 130, 131, 132, 133, 134, 135, 136, 138, 140, 141, 144, 153, 160, 161, 162, 163, 164, 165, 174, 180, 181, 182, 184, 185, 186, 187, 193, 194, 195, 196, 198, 199, 202, 203, 204, 211, 212, 213, 214, 215, 225, 226, 227, 228, 234, 235, 236, 237, 238, 239, 240, 241, 242, 243, 258, 259, 274, 281, 288], "summary": {"covered_lines": 148, "num_statements": 164, "percent_covered": 90.2439024390244, "percent_covered_display": "90", "missing_lines": 16, "excluded_lines": 0, "percent_statements_covered": 90.2439024390244, "percent_statements_covered_display": "90"}, "missing_lines": [68, 88, 142, 205, 216, 217, 218, 260, 275, 289, 290, 291, 292, 293, 294, 295], "excluded_lines": [], "functions": {"WorkspacePreparationError.__init__": {"executed_lines": [15, 16, 17, 18], "summary": {"covered_lines": 4, "num_statements": 4, "percent_covered": 100.0, "percent_covered_display": "100", "missing_lines": 0, "excluded_lines": 0, "percent_statements_covered": 100.0, "percent_statements_covered_display": "100"}, "missing_lines": [], "excluded_lines": [], "start_line": 14}, "PreparedWorkspace.__init__": {"executed_lines": [23, 24, 25], "summary": {"covered_lines": 3, "num_statements": 3, "percent_covered": 100.0, "percent_covered_display": "100", "missing_lines": 0, "excluded_lines": 0, "percent_statements_covered": 100.0, "percent_statements_covered_display": "100"}, "missing_lines": [], "excluded_lines": [], "start_line": 22}, "PreparedWorkspace.patched_repo": {"executed_lines": [29], "summary": {"covered_lines": 1, "num_statements": 1, "percent_covered": 100.0, "percent_covered_display": "100", "missing_lines": 0, "excluded_lines": 0, "percent_statements_covered": 100.0, "percent_statements_covered_display": "100"}, "missing_lines": [], "excluded_lines": [], "start_line": 28}, "PreparedWorkspace.clone_for_gate": {"executed_lines": [32, 33, 34, 35, 36], "summary": {"covered_lines": 5, "num_statements": 5, "percent_covered": 100.0, "percent_covered_display": "100", "missing_lines": 0, "excluded_lines": 0, "percent_statements_covered": 100.0, "percent_statements_covered_display": "100"}, "missing_lines": [], "excluded_lines": [], "start_line": 31}, "PreparedWorkspace.cleanup": {"executed_lines": [39], "summary": {"covered_lines": 1, "num_statements": 1, "percent_covered": 100.0, "percent_covered_display": "100", "missing_lines": 0, "excluded_lines": 0, "percent_statements_covered": 100.0, "percent_statements_covered_display": "100"}, "missing_lines": [], "excluded_lines": [], "start_line": 38}, "PreparedWorkspace.__enter__": {"executed_lines": [42], "summary": {"covered_lines": 1, "num_statements": 1, "percent_covered": 100.0, "percent_covered_display": "100", "missing_lines": 0, "excluded_lines": 0, "percent_statements_covered": 100.0, "percent_statements_covered_display": "100"}, "missing_lines": [], "excluded_lines": [], "start_line": 41}, "PreparedWorkspace.__exit__": {"executed_lines": [45], "summary": {"covered_lines": 1, "num_statements": 1, "percent_covered": 100.0, "percent_covered_display": "100", "missing_lines": 0, "excluded_lines": 0, "percent_statements_covered": 100.0, "percent_statements_covered_display": "100"}, "missing_lines": [], "excluded_lines": [], "start_line": 44}, "_tail": {"executed_lines": [49], "summary": {"covered_lines": 1, "num_statements": 1, "percent_covered": 100.0, "percent_covered_display": "100", "missing_lines": 0, "excluded_lines": 0, "percent_statements_covered": 100.0, "percent_statements_covered_display": "100"}, "missing_lines": [], "excluded_lines": [], "start_line": 48}, "_normalize_relpath": {"executed_lines": [53, 54, 55, 56], "summary": {"covered_lines": 4, "num_statements": 4, "percent_covered": 100.0, "percent_covered_display": "100", "missing_lines": 0, "excluded_lines": 0, "percent_statements_covered": 100.0, "percent_statements_covered_display": "100"}, "missing_lines": [], "excluded_lines": [], "start_line": 52}, "_strip_diff_prefix": {"executed_lines": [60, 61, 62], "summary": {"covered_lines": 3, "num_statements": 3, "percent_covered": 100.0, "percent_covered_display": "100", "missing_lines": 0, "excluded_lines": 0, "percent_statements_covered": 100.0, "percent_statements_covered_display": "100"}, "missing_lines": [], "excluded_lines": [], "start_line": 59}, "_paths_compatible": {"executed_lines": [66, 67], "summary": {"covered_lines": 2, "num_statements": 3, "percent_covered": 66.66666666666667, "percent_covered_display": "67", "missing_lines": 1, "excluded_lines": 0, "percent_statements_covered": 66.66666666666667, "percent_statements_covered_display": "67"}, "missing_lines": [68], "excluded_lines": [], "start_line": 65}, "_looks_like_git_diff": {"executed_lines": [72], "summary": {"covered_lines": 1, "num_statements": 1, "percent_covered": 100.0, "percent_covered_display": "100", "missing_lines": 0, "excluded_lines": 0, "percent_statements_covered": 100.0, "percent_statements_covered_display": "100"}, "missing_lines": [], "excluded_lines": [], "start_line": 71}, "_split_diff_header": {"executed_lines": [80, 81, 82, 83, 85, 86, 87, 89, 90], "summary": {"covered_lines": 9, "num_statements": 10, "percent_covered": 90.0, "percent_covered_display": "90", "missing_lines": 1, "excluded_lines": 0, "percent_statements_covered": 90.0, "percent_statements_covered_display": "90"}, "missing_lines": [88], "excluded_lines": [], "start_line": 79}, "_canonicalize_patch": {"executed_lines": [94, 95, 96, 97, 98, 100, 101, 102, 103, 104, 105, 106, 107, 108, 109, 116, 117, 118, 119, 120, 122, 123, 124, 125, 126, 127, 128, 129, 130, 131, 132, 133, 134, 135, 136, 138, 140, 141, 144], "summary": {"covered_lines": 39, "num_statements": 40, "percent_covered": 97.5, "percent_covered_display": "98", "missing_lines": 1, "excluded_lines": 0, "percent_statements_covered": 97.5, "percent_statements_covered_display": "98"}, "missing_lines": [142], "excluded_lines": [], "start_line": 93}, "_run_git_apply_once": {"executed_lines": [160, 161, 162, 163, 164, 165], "summary": {"covered_lines": 6, "num_statements": 6, "percent_covered": 100.0, "percent_covered_display": "100", "missing_lines": 0, "excluded_lines": 0, "percent_statements_covered": 100.0, "percent_statements_covered_display": "100"}, "missing_lines": [], "excluded_lines": [], "start_line": 153}, "_run_git_apply": {"executed_lines": [180, 181, 182, 184, 185, 186, 187, 193, 194, 195, 196, 198, 199], "summary": {"covered_lines": 13, "num_statements": 13, "percent_covered": 100.0, "percent_covered_display": "100", "missing_lines": 0, "excluded_lines": 0, "percent_statements_covered": 100.0, "percent_statements_covered_display": "100"}, "missing_lines": [], "excluded_lines": [], "start_line": 174}, "prepare_workspace_copy": {"executed_lines": [203, 204, 211, 212, 213, 214, 215], "summary": {"covered_lines": 7, "num_statements": 11, "percent_covered": 63.63636363636363, "percent_covered_display": "64", "missing_lines": 4, "excluded_lines": 0, "percent_statements_covered": 63.63636363636363, "percent_statements_covered_display": "64"}, "missing_lines": [205, 216, 217, 218], "excluded_lines": [], "start_line": 202}, "apply_plan_patches": {"executed_lines": [226, 227, 228, 234, 235, 236, 237, 238, 239, 240, 241, 242, 243, 258, 259, 274, 281], "summary": {"covered_lines": 17, "num_statements": 19, "percent_covered": 89.47368421052632, "percent_covered_display": "89", "missing_lines": 2, "excluded_lines": 0, "percent_statements_covered": 89.47368421052632, "percent_statements_covered_display": "89"}, "missing_lines": [260, 275], "excluded_lines": [], "start_line": 225}, "prepare_patched_workspace": {"executed_lines": [], "summary": {"covered_lines": 0, "num_statements": 7, "percent_covered": 0.0, "percent_covered_display": "0", "missing_lines": 7, "excluded_lines": 0, "percent_statements_covered": 0.0, "percent_statements_covered_display": "0"}, "missing_lines": [289, 290, 291, 292, 293, 294, 295], "excluded_lines": [], "start_line": 288}, "": {"executed_lines": [1, 3, 4, 5, 6, 7, 8, 10, 13, 14, 21, 22, 27, 28, 31, 38, 41, 44, 48, 52, 59, 65, 71, 79, 93, 153, 174, 202, 225, 288], "summary": {"covered_lines": 30, "num_statements": 30, "percent_covered": 100.0, "percent_covered_display": "100", "missing_lines": 0, "excluded_lines": 0, "percent_statements_covered": 100.0, "percent_statements_covered_display": "100"}, "missing_lines": [], "excluded_lines": [], "start_line": 1}}, "classes": {"WorkspacePreparationError": {"executed_lines": [15, 16, 17, 18], "summary": {"covered_lines": 4, "num_statements": 4, "percent_covered": 100.0, "percent_covered_display": "100", "missing_lines": 0, "excluded_lines": 0, "percent_statements_covered": 100.0, "percent_statements_covered_display": "100"}, "missing_lines": [], "excluded_lines": [], "start_line": 13}, "PreparedWorkspace": {"executed_lines": [23, 24, 25, 29, 32, 33, 34, 35, 36, 39, 42, 45], "summary": {"covered_lines": 12, "num_statements": 12, "percent_covered": 100.0, "percent_covered_display": "100", "missing_lines": 0, "excluded_lines": 0, "percent_statements_covered": 100.0, "percent_statements_covered_display": "100"}, "missing_lines": [], "excluded_lines": [], "start_line": 21}, "": {"executed_lines": [1, 3, 4, 5, 6, 7, 8, 10, 13, 14, 21, 22, 27, 28, 31, 38, 41, 44, 48, 49, 52, 53, 54, 55, 56, 59, 60, 61, 62, 65, 66, 67, 71, 72, 79, 80, 81, 82, 83, 85, 86, 87, 89, 90, 93, 94, 95, 96, 97, 98, 100, 101, 102, 103, 104, 105, 106, 107, 108, 109, 116, 117, 118, 119, 120, 122, 123, 124, 125, 126, 127, 128, 129, 130, 131, 132, 133, 134, 135, 136, 138, 140, 141, 144, 153, 160, 161, 162, 163, 164, 165, 174, 180, 181, 182, 184, 185, 186, 187, 193, 194, 195, 196, 198, 199, 202, 203, 204, 211, 212, 213, 214, 215, 225, 226, 227, 228, 234, 235, 236, 237, 238, 239, 240, 241, 242, 243, 258, 259, 274, 281, 288], "summary": {"covered_lines": 132, "num_statements": 148, "percent_covered": 89.1891891891892, "percent_covered_display": "89", "missing_lines": 16, "excluded_lines": 0, "percent_statements_covered": 89.1891891891892, "percent_statements_covered_display": "89"}, "missing_lines": [68, 88, 142, 205, 216, 217, 218, 260, 275, 289, 290, 291, 292, 293, 294, 295], "excluded_lines": [], "start_line": 1}}}, "gha_remediator/web_app.py": {"executed_lines": [1, 3, 4, 5, 6, 7, 9, 10, 12, 13, 21, 22, 23, 26, 27, 28, 30, 31, 32, 33, 34, 35, 36, 38, 39, 44, 45, 46, 49, 50, 51, 52, 54, 55, 59, 60, 61, 62, 64, 65, 68, 69, 70, 73, 75, 82, 83, 84, 85, 86, 87, 89, 92, 93, 94, 95, 102, 111, 112, 113, 116, 117, 118, 119, 120, 121, 123, 126, 127, 136, 146, 147, 148, 156, 159, 160, 161, 165, 222, 223, 224, 225, 231, 234, 240], "summary": {"covered_lines": 85, "num_statements": 117, "percent_covered": 72.64957264957265, "percent_covered_display": "73", "missing_lines": 32, "excluded_lines": 0, "percent_statements_covered": 72.64957264957265, "percent_statements_covered_display": "73"}, "missing_lines": [40, 41, 42, 47, 66, 71, 76, 77, 78, 79, 80, 90, 97, 98, 99, 100, 114, 124, 133, 134, 149, 150, 151, 152, 153, 154, 162, 166, 235, 236, 237, 241], "excluded_lines": [], "functions": {"create_app": {"executed_lines": [27, 28, 30, 31, 38, 39, 44, 45, 64, 65, 68, 69, 111, 112, 146, 147, 148, 156], "summary": {"covered_lines": 18, "num_statements": 18, "percent_covered": 100.0, "percent_covered_display": "100", "missing_lines": 0, "excluded_lines": 0, "percent_statements_covered": 100.0, "percent_statements_covered_display": "100"}, "missing_lines": [], "excluded_lines": [], "start_line": 26}, "create_app.add_dev_cors_headers": {"executed_lines": [32, 33, 34, 35, 36], "summary": {"covered_lines": 5, "num_statements": 5, "percent_covered": 100.0, "percent_covered_display": "100", "missing_lines": 0, "excluded_lines": 0, "percent_statements_covered": 100.0, "percent_statements_covered_display": "100"}, "missing_lines": [], "excluded_lines": [], "start_line": 31}, "create_app.health": {"executed_lines": [], "summary": {"covered_lines": 0, "num_statements": 3, "percent_covered": 0.0, "percent_covered_display": "0", "missing_lines": 3, "excluded_lines": 0, "percent_statements_covered": 0.0, "percent_statements_covered_display": "0"}, "missing_lines": [40, 41, 42], "excluded_lines": [], "start_line": 39}, "create_app.settings": {"executed_lines": [46, 49, 50, 51, 52, 54, 55, 59, 60, 61, 62], "summary": {"covered_lines": 11, "num_statements": 12, "percent_covered": 91.66666666666667, "percent_covered_display": "92", "missing_lines": 1, "excluded_lines": 0, "percent_statements_covered": 91.66666666666667, "percent_statements_covered_display": "92"}, "missing_lines": [47], "excluded_lines": [], "start_line": 45}, "create_app.handle_large_upload": {"executed_lines": [], "summary": {"covered_lines": 0, "num_statements": 1, "percent_covered": 0.0, "percent_covered_display": "0", "missing_lines": 1, "excluded_lines": 0, "percent_statements_covered": 0.0, "percent_statements_covered_display": "0"}, "missing_lines": [66], "excluded_lines": [], "start_line": 65}, "create_app.analyze_synthetic": {"executed_lines": [70, 73, 75, 82, 83, 84, 85, 86, 87, 89, 92, 93, 94, 95, 102], "summary": {"covered_lines": 15, "num_statements": 26, "percent_covered": 57.69230769230769, "percent_covered_display": "58", "missing_lines": 11, "excluded_lines": 0, "percent_statements_covered": 57.69230769230769, "percent_statements_covered_display": "58"}, "missing_lines": [71, 76, 77, 78, 79, 80, 90, 97, 98, 99, 100], "excluded_lines": [], "start_line": 69}, "create_app.analyze_github": {"executed_lines": [113, 116, 117, 118, 119, 120, 121, 123, 126, 127, 136], "summary": {"covered_lines": 11, "num_statements": 15, "percent_covered": 73.33333333333333, "percent_covered_display": "73", "missing_lines": 4, "excluded_lines": 0, "percent_statements_covered": 73.33333333333333, "percent_statements_covered_display": "73"}, "missing_lines": [114, 124, 133, 134], "excluded_lines": [], "start_line": 112}, "create_app.frontend": {"executed_lines": [], "summary": {"covered_lines": 0, "num_statements": 6, "percent_covered": 0.0, "percent_covered_display": "0", "missing_lines": 6, "excluded_lines": 0, "percent_statements_covered": 0.0, "percent_statements_covered_display": "0"}, "missing_lines": [149, 150, 151, 152, 153, 154], "excluded_lines": [], "start_line": 148}, "_json_payload": {"executed_lines": [160, 161], "summary": {"covered_lines": 2, "num_statements": 3, "percent_covered": 66.66666666666667, "percent_covered_display": "67", "missing_lines": 1, "excluded_lines": 0, "percent_statements_covered": 66.66666666666667, "percent_statements_covered_display": "67"}, "missing_lines": [162], "excluded_lines": [], "start_line": 159}, "_dev_index_html": {"executed_lines": [], "summary": {"covered_lines": 0, "num_statements": 1, "percent_covered": 0.0, "percent_covered_display": "0", "missing_lines": 1, "excluded_lines": 0, "percent_statements_covered": 0.0, "percent_statements_covered_display": "0"}, "missing_lines": [166], "excluded_lines": [], "start_line": 165}, "build_arg_parser": {"executed_lines": [223, 224, 225, 231], "summary": {"covered_lines": 4, "num_statements": 4, "percent_covered": 100.0, "percent_covered_display": "100", "missing_lines": 0, "excluded_lines": 0, "percent_statements_covered": 100.0, "percent_statements_covered_display": "100"}, "missing_lines": [], "excluded_lines": [], "start_line": 222}, "main": {"executed_lines": [], "summary": {"covered_lines": 0, "num_statements": 3, "percent_covered": 0.0, "percent_covered_display": "0", "missing_lines": 3, "excluded_lines": 0, "percent_statements_covered": 0.0, "percent_statements_covered_display": "0"}, "missing_lines": [235, 236, 237], "excluded_lines": [], "start_line": 234}, "": {"executed_lines": [1, 3, 4, 5, 6, 7, 9, 10, 12, 13, 21, 22, 23, 26, 159, 165, 222, 234, 240], "summary": {"covered_lines": 19, "num_statements": 20, "percent_covered": 95.0, "percent_covered_display": "95", "missing_lines": 1, "excluded_lines": 0, "percent_statements_covered": 95.0, "percent_statements_covered_display": "95"}, "missing_lines": [241], "excluded_lines": [], "start_line": 1}}, "classes": {"": {"executed_lines": [1, 3, 4, 5, 6, 7, 9, 10, 12, 13, 21, 22, 23, 26, 27, 28, 30, 31, 32, 33, 34, 35, 36, 38, 39, 44, 45, 46, 49, 50, 51, 52, 54, 55, 59, 60, 61, 62, 64, 65, 68, 69, 70, 73, 75, 82, 83, 84, 85, 86, 87, 89, 92, 93, 94, 95, 102, 111, 112, 113, 116, 117, 118, 119, 120, 121, 123, 126, 127, 136, 146, 147, 148, 156, 159, 160, 161, 165, 222, 223, 224, 225, 231, 234, 240], "summary": {"covered_lines": 85, "num_statements": 117, "percent_covered": 72.64957264957265, "percent_covered_display": "73", "missing_lines": 32, "excluded_lines": 0, "percent_statements_covered": 72.64957264957265, "percent_statements_covered_display": "73"}, "missing_lines": [40, 41, 42, 47, 66, 71, 76, 77, 78, 79, 80, 90, 97, 98, 99, 100, 114, 124, 133, 134, 149, 150, 151, 152, 153, 154, 162, 166, 235, 236, 237, 241], "excluded_lines": [], "start_line": 1}}}}, "totals": {"covered_lines": 4845, "num_statements": 5847, "percent_covered": 82.86300667008723, "percent_covered_display": "83", "missing_lines": 1002, "excluded_lines": 6, "percent_statements_covered": 82.86300667008723, "percent_statements_covered_display": "83"}}